<?xml version="1.0" encoding="UTF-8"?>
<!-- Generated by org.testng.reporters.JUnitXMLReporter -->
<testsuite ignored="0" hostname="DESKTOP-52ETLQM" failures="19" tests="19" name="Default test" time="18.949" errors="0" timestamp="2025-12-16T10:19:28 IST">
  <testcase classname="io.cucumber.testng.AbstractTestNGCucumberTests" name="runScenario" time="9.495">
    <failure type="io.restassured.path.json.exception.JsonPathException" message="Failed to parse the JSON document">
      <![CDATA[io.restassured.path.json.exception.JsonPathException: Failed to parse the JSON document
at io.restassured.path.json.JsonPath$ExceptionCatcher.invoke(JsonPath.java:1002)
at io.restassured.path.json.JsonPath$4.doParseWith(JsonPath.java:967)
at io.restassured.path.json.JsonPath$JsonParser.parseWith(JsonPath.java:1047)
at io.restassured.path.json.JsonPath.get(JsonPath.java:202)
at io.restassured.path.json.JsonPath.getString(JsonPath.java:352)
at com.booking.stepdefinitions.StepDefinitionForHealthCheck.checkHealthCheckStatus(StepDefinitionForHealthCheck.java:15)
at ✽.Response should be 200(file:///C:/Users/Dell/Kata/API_Testing_kata/src/test/resources/features/00_healthcheck.feature:6)
Caused by: groovy.json.JsonException: Lexing failed on line: 1, column: 1, while reading 'I', no possible valid JSON value or punctuation could be recognized.
at groovy.json.JsonLexer.nextToken(JsonLexer.java:86)
at groovy.json.JsonLexer$nextToken.call(Unknown Source)
at org.codehaus.groovy.runtime.callsite.CallSiteArray.defaultCall(CallSiteArray.java:45)
at org.codehaus.groovy.runtime.callsite.AbstractCallSite.call(AbstractCallSite.java:125)
at org.codehaus.groovy.runtime.callsite.AbstractCallSite.call(AbstractCallSite.java:130)
at io.restassured.internal.path.json.ConfigurableJsonSlurper.parse(ConfigurableJsonSlurper.groovy:97)
at io.restassured.internal.path.json.ConfigurableJsonSlurper$parse.callCurrent(Unknown Source)
at org.codehaus.groovy.runtime.callsite.CallSiteArray.defaultCallCurrent(CallSiteArray.java:49)
at org.codehaus.groovy.runtime.callsite.AbstractCallSite.callCurrent(AbstractCallSite.java:171)
at org.codehaus.groovy.runtime.callsite.AbstractCallSite.callCurrent(AbstractCallSite.java:185)
at io.restassured.internal.path.json.ConfigurableJsonSlurper.parseText(ConfigurableJsonSlurper.groovy:83)
at io.restassured.path.json.JsonPath$4$1.method(JsonPath.java:965)
at io.restassured.path.json.JsonPath$ExceptionCatcher.invoke(JsonPath.java:1000)
at io.restassured.path.json.JsonPath$4.doParseWith(JsonPath.java:967)
at io.restassured.path.json.JsonPath$JsonParser.parseWith(JsonPath.java:1047)
at io.restassured.path.json.JsonPath.get(JsonPath.java:202)
at io.restassured.path.json.JsonPath.getString(JsonPath.java:352)
at com.booking.stepdefinitions.StepDefinitionForHealthCheck.checkHealthCheckStatus(StepDefinitionForHealthCheck.java:15)
at java.base/jdk.internal.reflect.NativeMethodAccessorImpl.invoke0(Native Method)
at java.base/jdk.internal.reflect.NativeMethodAccessorImpl.invoke(NativeMethodAccessorImpl.java:77)
at java.base/jdk.internal.reflect.DelegatingMethodAccessorImpl.invoke(DelegatingMethodAccessorImpl.java:43)
at java.base/java.lang.reflect.Method.invoke(Method.java:568)
at io.cucumber.java.Invoker.doInvoke(Invoker.java:66)
at io.cucumber.java.Invoker.invoke(Invoker.java:24)
at io.cucumber.java.AbstractGlueDefinition.invokeMethod(AbstractGlueDefinition.java:47)
at io.cucumber.java.JavaStepDefinition.execute(JavaStepDefinition.java:29)
at io.cucumber.core.runner.CoreStepDefinition.execute(CoreStepDefinition.java:66)
at io.cucumber.core.runner.PickleStepDefinitionMatch.runStep(PickleStepDefinitionMatch.java:63)
at io.cucumber.core.runner.ExecutionMode$1.execute(ExecutionMode.java:10)
at io.cucumber.core.runner.TestStep.executeStep(TestStep.java:86)
at io.cucumber.core.runner.TestStep.run(TestStep.java:57)
at io.cucumber.core.runner.PickleStepTestStep.run(PickleStepTestStep.java:51)
at io.cucumber.core.runner.TestCase.run(TestCase.java:95)
at io.cucumber.core.runner.Runner.runPickle(Runner.java:75)
at io.cucumber.testng.TestNGCucumberRunner.lambda$runScenario$1(TestNGCucumberRunner.java:132)
at io.cucumber.core.runtime.CucumberExecutionContext.lambda$runTestCase$3(CucumberExecutionContext.java:110)
at io.cucumber.core.runtime.RethrowingThrowableCollector.executeAndThrow(RethrowingThrowableCollector.java:23)
at io.cucumber.core.runtime.CucumberExecutionContext.runTestCase(CucumberExecutionContext.java:110)
at io.cucumber.testng.TestNGCucumberRunner.runScenario(TestNGCucumberRunner.java:129)
at io.cucumber.testng.AbstractTestNGCucumberTests.runScenario(AbstractTestNGCucumberTests.java:35)
at java.base/jdk.internal.reflect.NativeMethodAccessorImpl.invoke0(Native Method)
at java.base/jdk.internal.reflect.NativeMethodAccessorImpl.invoke(NativeMethodAccessorImpl.java:77)
at java.base/jdk.internal.reflect.DelegatingMethodAccessorImpl.invoke(DelegatingMethodAccessorImpl.java:43)
at java.base/java.lang.reflect.Method.invoke(Method.java:568)
at org.testng.internal.MethodInvocationHelper.invokeMethod(MethodInvocationHelper.java:133)
at org.testng.internal.TestInvoker.invokeMethod(TestInvoker.java:598)
at org.testng.internal.TestInvoker.invokeTestMethod(TestInvoker.java:173)
at org.testng.internal.MethodRunner.runInSequence(MethodRunner.java:46)
at org.testng.internal.TestInvoker$MethodInvocationAgent.invoke(TestInvoker.java:824)
at org.testng.internal.TestInvoker.invokeTestMethods(TestInvoker.java:146)
at org.testng.internal.TestMethodWorker.invokeTestMethods(TestMethodWorker.java:146)
at org.testng.internal.TestMethodWorker.run(TestMethodWorker.java:128)
at java.base/java.util.ArrayList.forEach(ArrayList.java:1511)
at org.testng.TestRunner.privateRun(TestRunner.java:794)
at org.testng.TestRunner.run(TestRunner.java:596)
at org.testng.SuiteRunner.runTest(SuiteRunner.java:377)
at org.testng.SuiteRunner.runSequentially(SuiteRunner.java:371)
at org.testng.SuiteRunner.privateRun(SuiteRunner.java:332)
at org.testng.SuiteRunner.run(SuiteRunner.java:276)
at org.testng.SuiteRunnerWorker.runSuite(SuiteRunnerWorker.java:53)
at org.testng.SuiteRunnerWorker.run(SuiteRunnerWorker.java:96)
at org.testng.TestNG.runSuitesSequentially(TestNG.java:1212)
at org.testng.TestNG.runSuitesLocally(TestNG.java:1134)
at org.testng.TestNG.runSuites(TestNG.java:1063)
at org.testng.TestNG.run(TestNG.java:1031)
at org.testng.remote.AbstractRemoteTestNG.run(AbstractRemoteTestNG.java:115)
at org.testng.remote.RemoteTestNG.initAndRun(RemoteTestNG.java:251)
at org.testng.remote.RemoteTestNG.main(RemoteTestNG.java:77)
]]>
    </failure>
  </testcase> <!-- runScenario -->
  <testcase classname="io.cucumber.testng.AbstractTestNGCucumberTests" name="runScenario" time="0.187">
    <failure type="java.lang.RuntimeException" message="Healthcheck failed.Skipping remaining tests.">
      <![CDATA[java.lang.RuntimeException: Healthcheck failed.Skipping remaining tests.
at com.booking.stepdefinitions.HookClass.stopIfHealthCheckFailed(HookClass.java:16)
]]>
    </failure>
  </testcase> <!-- runScenario -->
  <testcase classname="io.cucumber.testng.AbstractTestNGCucumberTests" name="runScenario" time="0.136">
    <failure type="java.lang.RuntimeException" message="Healthcheck failed.Skipping remaining tests.">
      <![CDATA[java.lang.RuntimeException: Healthcheck failed.Skipping remaining tests.
at com.booking.stepdefinitions.HookClass.stopIfHealthCheckFailed(HookClass.java:16)
]]>
    </failure>
  </testcase> <!-- runScenario -->
  <testcase classname="io.cucumber.testng.AbstractTestNGCucumberTests" name="runScenario" time="0.169">
    <failure type="java.lang.RuntimeException" message="Healthcheck failed.Skipping remaining tests.">
      <![CDATA[java.lang.RuntimeException: Healthcheck failed.Skipping remaining tests.
at com.booking.stepdefinitions.HookClass.stopIfHealthCheckFailed(HookClass.java:16)
]]>
    </failure>
  </testcase> <!-- runScenario -->
  <testcase classname="io.cucumber.testng.AbstractTestNGCucumberTests" name="runScenario" time="0.106">
    <failure type="java.lang.RuntimeException" message="Healthcheck failed.Skipping remaining tests.">
      <![CDATA[java.lang.RuntimeException: Healthcheck failed.Skipping remaining tests.
at com.booking.stepdefinitions.HookClass.stopIfHealthCheckFailed(HookClass.java:16)
]]>
    </failure>
  </testcase> <!-- runScenario -->
  <testcase classname="io.cucumber.testng.AbstractTestNGCucumberTests" name="runScenario" time="0.116">
    <failure type="java.lang.RuntimeException" message="Healthcheck failed.Skipping remaining tests.">
      <![CDATA[java.lang.RuntimeException: Healthcheck failed.Skipping remaining tests.
at com.booking.stepdefinitions.HookClass.stopIfHealthCheckFailed(HookClass.java:16)
]]>
    </failure>
  </testcase> <!-- runScenario -->
  <testcase classname="io.cucumber.testng.AbstractTestNGCucumberTests" name="runScenario" time="0.085">
    <failure type="java.lang.RuntimeException" message="Healthcheck failed.Skipping remaining tests.">
      <![CDATA[java.lang.RuntimeException: Healthcheck failed.Skipping remaining tests.
at com.booking.stepdefinitions.HookClass.stopIfHealthCheckFailed(HookClass.java:16)
]]>
    </failure>
  </testcase> <!-- runScenario -->
  <testcase classname="io.cucumber.testng.AbstractTestNGCucumberTests" name="runScenario" time="0.073">
    <failure type="java.lang.RuntimeException" message="Healthcheck failed.Skipping remaining tests.">
      <![CDATA[java.lang.RuntimeException: Healthcheck failed.Skipping remaining tests.
at com.booking.stepdefinitions.HookClass.stopIfHealthCheckFailed(HookClass.java:16)
]]>
    </failure>
  </testcase> <!-- runScenario -->
  <testcase classname="io.cucumber.testng.AbstractTestNGCucumberTests" name="runScenario" time="0.047">
    <failure type="java.lang.RuntimeException" message="Healthcheck failed.Skipping remaining tests.">
      <![CDATA[java.lang.RuntimeException: Healthcheck failed.Skipping remaining tests.
at com.booking.stepdefinitions.HookClass.stopIfHealthCheckFailed(HookClass.java:16)
]]>
    </failure>
  </testcase> <!-- runScenario -->
  <testcase classname="io.cucumber.testng.AbstractTestNGCucumberTests" name="runScenario" time="0.035">
    <failure type="java.lang.RuntimeException" message="Healthcheck failed.Skipping remaining tests.">
      <![CDATA[java.lang.RuntimeException: Healthcheck failed.Skipping remaining tests.
at com.booking.stepdefinitions.HookClass.stopIfHealthCheckFailed(HookClass.java:16)
]]>
    </failure>
  </testcase> <!-- runScenario -->
  <testcase classname="io.cucumber.testng.AbstractTestNGCucumberTests" name="runScenario" time="0.093">
    <failure type="java.lang.RuntimeException" message="Healthcheck failed.Skipping remaining tests.">
      <![CDATA[java.lang.RuntimeException: Healthcheck failed.Skipping remaining tests.
at com.booking.stepdefinitions.HookClass.stopIfHealthCheckFailed(HookClass.java:16)
]]>
    </failure>
  </testcase> <!-- runScenario -->
  <testcase classname="io.cucumber.testng.AbstractTestNGCucumberTests" name="runScenario" time="0.069">
    <failure type="java.lang.RuntimeException" message="Healthcheck failed.Skipping remaining tests.">
      <![CDATA[java.lang.RuntimeException: Healthcheck failed.Skipping remaining tests.
at com.booking.stepdefinitions.HookClass.stopIfHealthCheckFailed(HookClass.java:16)
]]>
    </failure>
  </testcase> <!-- runScenario -->
  <testcase classname="io.cucumber.testng.AbstractTestNGCucumberTests" name="runScenario" time="0.062">
    <failure type="java.lang.RuntimeException" message="Healthcheck failed.Skipping remaining tests.">
      <![CDATA[java.lang.RuntimeException: Healthcheck failed.Skipping remaining tests.
at com.booking.stepdefinitions.HookClass.stopIfHealthCheckFailed(HookClass.java:16)
]]>
    </failure>
  </testcase> <!-- runScenario -->
  <testcase classname="io.cucumber.testng.AbstractTestNGCucumberTests" name="runScenario" time="0.018">
    <failure type="java.lang.RuntimeException" message="Healthcheck failed.Skipping remaining tests.">
      <![CDATA[java.lang.RuntimeException: Healthcheck failed.Skipping remaining tests.
at com.booking.stepdefinitions.HookClass.stopIfHealthCheckFailed(HookClass.java:16)
]]>
    </failure>
  </testcase> <!-- runScenario -->
  <testcase classname="io.cucumber.testng.AbstractTestNGCucumberTests" name="runScenario" time="0.038">
    <failure type="java.lang.RuntimeException" message="Healthcheck failed.Skipping remaining tests.">
      <![CDATA[java.lang.RuntimeException: Healthcheck failed.Skipping remaining tests.
at com.booking.stepdefinitions.HookClass.stopIfHealthCheckFailed(HookClass.java:16)
]]>
    </failure>
  </testcase> <!-- runScenario -->
  <testcase classname="io.cucumber.testng.AbstractTestNGCucumberTests" name="runScenario" time="0.073">
    <failure type="java.lang.RuntimeException" message="Healthcheck failed.Skipping remaining tests.">
      <![CDATA[java.lang.RuntimeException: Healthcheck failed.Skipping remaining tests.
at com.booking.stepdefinitions.HookClass.stopIfHealthCheckFailed(HookClass.java:16)
]]>
    </failure>
  </testcase> <!-- runScenario -->
  <testcase classname="io.cucumber.testng.AbstractTestNGCucumberTests" name="runScenario" time="0.017">
    <failure type="java.lang.RuntimeException" message="Healthcheck failed.Skipping remaining tests.">
      <![CDATA[java.lang.RuntimeException: Healthcheck failed.Skipping remaining tests.
at com.booking.stepdefinitions.HookClass.stopIfHealthCheckFailed(HookClass.java:16)
]]>
    </failure>
  </testcase> <!-- runScenario -->
  <testcase classname="io.cucumber.testng.AbstractTestNGCucumberTests" name="runScenario" time="0.053">
    <failure type="java.lang.RuntimeException" message="Healthcheck failed.Skipping remaining tests.">
      <![CDATA[java.lang.RuntimeException: Healthcheck failed.Skipping remaining tests.
at com.booking.stepdefinitions.HookClass.stopIfHealthCheckFailed(HookClass.java:16)
]]>
    </failure>
  </testcase> <!-- runScenario -->
  <testcase classname="io.cucumber.testng.AbstractTestNGCucumberTests" name="runScenario" time="0.051">
    <failure type="java.lang.RuntimeException" message="Healthcheck failed.Skipping remaining tests.">
      <![CDATA[java.lang.RuntimeException: Healthcheck failed.Skipping remaining tests.
at com.booking.stepdefinitions.HookClass.stopIfHealthCheckFailed(HookClass.java:16)
]]>
    </failure>
  </testcase> <!-- runScenario -->
</testsuite> <!-- Default test -->
