<?xml version="1.0" encoding="UTF-8"?>
<testng-results ignored="0" total="0" passed="0" failed="0" skipped="0">
  <reporter-output>
  </reporter-output>
  <suite started-at="2025-12-16T11:49:24 IST" name="Default suite" finished-at="2025-12-16T11:49:30 IST" duration-ms="5794">
    <groups>
      <group name="cucumber">
        <method signature="AbstractTestNGCucumberTests.runScenario(io.cucumber.testng.PickleWrapper,io.cucumber.testng.FeatureWrapper)[pri:0, instance:runner.TestRunner@66f57048]" name="runScenario" class="io.cucumber.testng.AbstractTestNGCucumberTests"/>
      </group> <!-- cucumber -->
    </groups>
    <test started-at="2025-12-16T11:49:24 IST" name="Default test" finished-at="2025-12-16T11:49:30 IST" duration-ms="5794">
      <class name="runner.TestRunner">
        <test-method is-config="true" signature="setUpClass(org.testng.ITestContext)[pri:0, instance:runner.TestRunner@66f57048]" started-at="2025-12-16T11:49:24 IST" name="setUpClass" finished-at="2025-12-16T11:49:26 IST" duration-ms="1973" status="PASS">
          <params>
            <param index="0">
              <value>
                <![CDATA[org.testng.TestRunner@2788d0fe]]>
              </value>
            </param>
          </params>
          <reporter-output>
          </reporter-output>
        </test-method> <!-- setUpClass -->
        <test-method is-config="true" signature="tearDownClass()[pri:0, instance:runner.TestRunner@66f57048]" started-at="2025-12-16T11:49:26 IST" name="tearDownClass" finished-at="2025-12-16T11:49:30 IST" duration-ms="3738" status="PASS">
          <reporter-output>
          </reporter-output>
        </test-method> <!-- tearDownClass -->
      </class> <!-- runner.TestRunner -->
    </test> <!-- Default test -->
  </suite> <!-- Default suite -->
</testng-results>
