<?xml version="1.0" encoding="UTF-8"?>
<testng-results ignored="0" total="22" passed="0" failed="22" skipped="0">
  <reporter-output>
  </reporter-output>
  <suite started-at="2025-12-16T14:43:38 IST" name="Default suite" finished-at="2025-12-16T14:45:58 IST" duration-ms="140263">
    <groups>
      <group name="cucumber">
        <method signature="AbstractTestNGCucumberTests.runScenario(io.cucumber.testng.PickleWrapper,io.cucumber.testng.FeatureWrapper)[pri:0, instance:runner.TestRunner@66f57048]" name="runScenario" class="io.cucumber.testng.AbstractTestNGCucumberTests"/>
      </group> <!-- cucumber -->
    </groups>
    <test started-at="2025-12-16T14:43:38 IST" name="Default test" finished-at="2025-12-16T14:45:58 IST" duration-ms="140263">
      <class name="runner.TestRunner">
        <test-method is-config="true" signature="setUpClass(org.testng.ITestContext)[pri:0, instance:runner.TestRunner@66f57048]" started-at="2025-12-16T14:43:38 IST" name="setUpClass" finished-at="2025-12-16T14:43:40 IST" duration-ms="1828" status="PASS">
          <params>
            <param index="0">
              <value>
                <![CDATA[org.testng.TestRunner@77a0dd63]]>
              </value>
            </param>
          </params>
          <reporter-output>
          </reporter-output>
        </test-method> <!-- setUpClass -->
        <test-method signature="runScenario(io.cucumber.testng.PickleWrapper,io.cucumber.testng.FeatureWrapper)[pri:0, instance:runner.TestRunner@66f57048]" started-at="2025-12-16T14:43:40 IST" name="runScenario" description="Runs Cucumber Scenarios" data-provider="scenarios" finished-at="2025-12-16T14:45:52 IST" duration-ms="131927" status="FAIL">
          <params>
            <param index="0">
              <value>
                <![CDATA["Healthcheck API"]]>
              </value>
            </param>
            <param index="1">
              <value>
                <![CDATA["Optional[HealthCheck for Hotel Booking]"]]>
              </value>
            </param>
          </params>
          <exception class="java.lang.AssertionError">
            <message>
              <![CDATA[1 expectation failed.
Expected status code <200> but was <524>.
]]>
            </message>
            <full-stacktrace>
              <![CDATA[java.lang.AssertionError: 1 expectation failed.
Expected status code <200> but was <524>.

at java.base/jdk.internal.reflect.NativeConstructorAccessorImpl.newInstance0(Native Method)
at java.base/jdk.internal.reflect.NativeConstructorAccessorImpl.newInstance(NativeConstructorAccessorImpl.java:77)
at java.base/jdk.internal.reflect.DelegatingConstructorAccessorImpl.newInstance(DelegatingConstructorAccessorImpl.java:45)
at java.base/java.lang.reflect.Constructor.newInstanceWithCaller(Constructor.java:499)
at java.base/java.lang.reflect.Constructor.newInstance(Constructor.java:480)
at org.codehaus.groovy.reflection.CachedConstructor.invoke(CachedConstructor.java:73)
at org.codehaus.groovy.runtime.callsite.ConstructorSite$ConstructorSiteNoUnwrapNoCoerce.callConstructor(ConstructorSite.java:108)
at org.codehaus.groovy.runtime.callsite.CallSiteArray.defaultCallConstructor(CallSiteArray.java:57)
at org.codehaus.groovy.runtime.callsite.AbstractCallSite.callConstructor(AbstractCallSite.java:263)
at org.codehaus.groovy.runtime.callsite.AbstractCallSite.callConstructor(AbstractCallSite.java:277)
at io.restassured.internal.ResponseSpecificationImpl$HamcrestAssertionClosure.validate(ResponseSpecificationImpl.groovy:512)
at io.restassured.internal.ResponseSpecificationImpl$HamcrestAssertionClosure$validate$1.call(Unknown Source)
at org.codehaus.groovy.runtime.callsite.CallSiteArray.defaultCall(CallSiteArray.java:45)
at org.codehaus.groovy.runtime.callsite.AbstractCallSite.call(AbstractCallSite.java:125)
at org.codehaus.groovy.runtime.callsite.AbstractCallSite.call(AbstractCallSite.java:139)
at io.restassured.internal.ResponseSpecificationImpl.validateResponseIfRequired(ResponseSpecificationImpl.groovy:696)
at io.restassured.internal.ResponseSpecificationImpl.this$2$validateResponseIfRequired(ResponseSpecificationImpl.groovy)
at java.base/jdk.internal.reflect.NativeMethodAccessorImpl.invoke0(Native Method)
at java.base/jdk.internal.reflect.NativeMethodAccessorImpl.invoke(NativeMethodAccessorImpl.java:77)
at java.base/jdk.internal.reflect.DelegatingMethodAccessorImpl.invoke(DelegatingMethodAccessorImpl.java:43)
at java.base/java.lang.reflect.Method.invoke(Method.java:568)
at org.codehaus.groovy.runtime.callsite.PlainObjectMetaMethodSite.doInvoke(PlainObjectMetaMethodSite.java:43)
at org.codehaus.groovy.runtime.callsite.PogoMetaMethodSite$PogoCachedMethodSiteNoUnwrapNoCoerce.invoke(PogoMetaMethodSite.java:198)
at org.codehaus.groovy.runtime.callsite.PogoMetaMethodSite.callCurrent(PogoMetaMethodSite.java:62)
at org.codehaus.groovy.runtime.callsite.CallSiteArray.defaultCallCurrent(CallSiteArray.java:49)
at org.codehaus.groovy.runtime.callsite.AbstractCallSite.callCurrent(AbstractCallSite.java:171)
at org.codehaus.groovy.runtime.callsite.AbstractCallSite.callCurrent(AbstractCallSite.java:185)
at io.restassured.internal.ResponseSpecificationImpl.statusCode(ResponseSpecificationImpl.groovy:135)
at io.restassured.internal.ValidatableResponseOptionsImpl.statusCode(ValidatableResponseOptionsImpl.java:84)
at com.booking.stepdefinitions.StepDefinitionForHealthCheck.checkHealthCheckStatus(StepDefinitionForHealthCheck.java:15)
at ✽.Response should be 200(file:///C:/Users/Dell/Kata/API_Testing_kata/src/test/resources/features/01_healthcheck.feature:7)
]]>
            </full-stacktrace>
          </exception> <!-- java.lang.AssertionError -->
          <reporter-output>
          </reporter-output>
        </test-method> <!-- runScenario -->
        <test-method signature="runScenario(io.cucumber.testng.PickleWrapper,io.cucumber.testng.FeatureWrapper)[pri:0, instance:runner.TestRunner@66f57048]" started-at="2025-12-16T14:45:52 IST" name="runScenario" description="Runs Cucumber Scenarios" data-provider="scenarios" finished-at="2025-12-16T14:45:52 IST" duration-ms="164" status="FAIL">
          <params>
            <param index="0">
              <value>
                <![CDATA["Get Authentication Token"]]>
              </value>
            </param>
            <param index="1">
              <value>
                <![CDATA["Optional[Get Auth Token]"]]>
              </value>
            </param>
          </params>
          <exception class="java.lang.RuntimeException">
            <message>
              <![CDATA[Healthcheck failed.Skipping remaining tests.]]>
            </message>
            <full-stacktrace>
              <![CDATA[java.lang.RuntimeException: Healthcheck failed.Skipping remaining tests.
at com.booking.stepdefinitions.HookClass.stopIfHealthCheckFailed(HookClass.java:16)
]]>
            </full-stacktrace>
          </exception> <!-- java.lang.RuntimeException -->
          <reporter-output>
          </reporter-output>
        </test-method> <!-- runScenario -->
        <test-method signature="runScenario(io.cucumber.testng.PickleWrapper,io.cucumber.testng.FeatureWrapper)[pri:0, instance:runner.TestRunner@66f57048]" started-at="2025-12-16T14:45:52 IST" name="runScenario" description="Runs Cucumber Scenarios" data-provider="scenarios" finished-at="2025-12-16T14:45:52 IST" duration-ms="198" status="FAIL">
          <params>
            <param index="0">
              <value>
                <![CDATA["Get Authentication Token Negative Scenario"]]>
              </value>
            </param>
            <param index="1">
              <value>
                <![CDATA["Optional[Get Auth Token]"]]>
              </value>
            </param>
          </params>
          <exception class="java.lang.RuntimeException">
            <message>
              <![CDATA[Healthcheck failed.Skipping remaining tests.]]>
            </message>
            <full-stacktrace>
              <![CDATA[java.lang.RuntimeException: Healthcheck failed.Skipping remaining tests.
at com.booking.stepdefinitions.HookClass.stopIfHealthCheckFailed(HookClass.java:16)
]]>
            </full-stacktrace>
          </exception> <!-- java.lang.RuntimeException -->
          <reporter-output>
          </reporter-output>
        </test-method> <!-- runScenario -->
        <test-method signature="runScenario(io.cucumber.testng.PickleWrapper,io.cucumber.testng.FeatureWrapper)[pri:0, instance:runner.TestRunner@66f57048]" started-at="2025-12-16T14:45:52 IST" name="runScenario" description="Runs Cucumber Scenarios" data-provider="scenarios" finished-at="2025-12-16T14:45:53 IST" duration-ms="230" status="FAIL">
          <params>
            <param index="0">
              <value>
                <![CDATA["Get Authentication Token Negative Scenario"]]>
              </value>
            </param>
            <param index="1">
              <value>
                <![CDATA["Optional[Get Auth Token]"]]>
              </value>
            </param>
          </params>
          <exception class="java.lang.RuntimeException">
            <message>
              <![CDATA[Healthcheck failed.Skipping remaining tests.]]>
            </message>
            <full-stacktrace>
              <![CDATA[java.lang.RuntimeException: Healthcheck failed.Skipping remaining tests.
at com.booking.stepdefinitions.HookClass.stopIfHealthCheckFailed(HookClass.java:16)
]]>
            </full-stacktrace>
          </exception> <!-- java.lang.RuntimeException -->
          <reporter-output>
          </reporter-output>
        </test-method> <!-- runScenario -->
        <test-method signature="runScenario(io.cucumber.testng.PickleWrapper,io.cucumber.testng.FeatureWrapper)[pri:0, instance:runner.TestRunner@66f57048]" started-at="2025-12-16T14:45:53 IST" name="runScenario" description="Runs Cucumber Scenarios" data-provider="scenarios" finished-at="2025-12-16T14:45:53 IST" duration-ms="272" status="FAIL">
          <params>
            <param index="0">
              <value>
                <![CDATA["Create Booking"]]>
              </value>
            </param>
            <param index="1">
              <value>
                <![CDATA["Optional[Create Booking]"]]>
              </value>
            </param>
          </params>
          <exception class="java.lang.RuntimeException">
            <message>
              <![CDATA[Healthcheck failed.Skipping remaining tests.]]>
            </message>
            <full-stacktrace>
              <![CDATA[java.lang.RuntimeException: Healthcheck failed.Skipping remaining tests.
at com.booking.stepdefinitions.HookClass.stopIfHealthCheckFailed(HookClass.java:16)
]]>
            </full-stacktrace>
          </exception> <!-- java.lang.RuntimeException -->
          <reporter-output>
          </reporter-output>
        </test-method> <!-- runScenario -->
        <test-method signature="runScenario(io.cucumber.testng.PickleWrapper,io.cucumber.testng.FeatureWrapper)[pri:0, instance:runner.TestRunner@66f57048]" started-at="2025-12-16T14:45:53 IST" name="runScenario" description="Runs Cucumber Scenarios" data-provider="scenarios" finished-at="2025-12-16T14:45:53 IST" duration-ms="93" status="FAIL">
          <params>
            <param index="0">
              <value>
                <![CDATA["Create Booking"]]>
              </value>
            </param>
            <param index="1">
              <value>
                <![CDATA["Optional[Create Booking]"]]>
              </value>
            </param>
          </params>
          <exception class="java.lang.RuntimeException">
            <message>
              <![CDATA[Healthcheck failed.Skipping remaining tests.]]>
            </message>
            <full-stacktrace>
              <![CDATA[java.lang.RuntimeException: Healthcheck failed.Skipping remaining tests.
at com.booking.stepdefinitions.HookClass.stopIfHealthCheckFailed(HookClass.java:16)
]]>
            </full-stacktrace>
          </exception> <!-- java.lang.RuntimeException -->
          <reporter-output>
          </reporter-output>
        </test-method> <!-- runScenario -->
        <test-method signature="runScenario(io.cucumber.testng.PickleWrapper,io.cucumber.testng.FeatureWrapper)[pri:0, instance:runner.TestRunner@66f57048]" started-at="2025-12-16T14:45:53 IST" name="runScenario" description="Runs Cucumber Scenarios" data-provider="scenarios" finished-at="2025-12-16T14:45:53 IST" duration-ms="98" status="FAIL">
          <params>
            <param index="0">
              <value>
                <![CDATA["Create Booking"]]>
              </value>
            </param>
            <param index="1">
              <value>
                <![CDATA["Optional[Create Booking]"]]>
              </value>
            </param>
          </params>
          <exception class="java.lang.RuntimeException">
            <message>
              <![CDATA[Healthcheck failed.Skipping remaining tests.]]>
            </message>
            <full-stacktrace>
              <![CDATA[java.lang.RuntimeException: Healthcheck failed.Skipping remaining tests.
at com.booking.stepdefinitions.HookClass.stopIfHealthCheckFailed(HookClass.java:16)
]]>
            </full-stacktrace>
          </exception> <!-- java.lang.RuntimeException -->
          <reporter-output>
          </reporter-output>
        </test-method> <!-- runScenario -->
        <test-method signature="runScenario(io.cucumber.testng.PickleWrapper,io.cucumber.testng.FeatureWrapper)[pri:0, instance:runner.TestRunner@66f57048]" started-at="2025-12-16T14:45:53 IST" name="runScenario" description="Runs Cucumber Scenarios" data-provider="scenarios" finished-at="2025-12-16T14:45:53 IST" duration-ms="118" status="FAIL">
          <params>
            <param index="0">
              <value>
                <![CDATA["Create Booking"]]>
              </value>
            </param>
            <param index="1">
              <value>
                <![CDATA["Optional[Create Booking]"]]>
              </value>
            </param>
          </params>
          <exception class="java.lang.RuntimeException">
            <message>
              <![CDATA[Healthcheck failed.Skipping remaining tests.]]>
            </message>
            <full-stacktrace>
              <![CDATA[java.lang.RuntimeException: Healthcheck failed.Skipping remaining tests.
at com.booking.stepdefinitions.HookClass.stopIfHealthCheckFailed(HookClass.java:16)
]]>
            </full-stacktrace>
          </exception> <!-- java.lang.RuntimeException -->
          <reporter-output>
          </reporter-output>
        </test-method> <!-- runScenario -->
        <test-method signature="runScenario(io.cucumber.testng.PickleWrapper,io.cucumber.testng.FeatureWrapper)[pri:0, instance:runner.TestRunner@66f57048]" started-at="2025-12-16T14:45:53 IST" name="runScenario" description="Runs Cucumber Scenarios" data-provider="scenarios" finished-at="2025-12-16T14:45:53 IST" duration-ms="29" status="FAIL">
          <params>
            <param index="0">
              <value>
                <![CDATA["Create Booking"]]>
              </value>
            </param>
            <param index="1">
              <value>
                <![CDATA["Optional[Create Booking]"]]>
              </value>
            </param>
          </params>
          <exception class="java.lang.RuntimeException">
            <message>
              <![CDATA[Healthcheck failed.Skipping remaining tests.]]>
            </message>
            <full-stacktrace>
              <![CDATA[java.lang.RuntimeException: Healthcheck failed.Skipping remaining tests.
at com.booking.stepdefinitions.HookClass.stopIfHealthCheckFailed(HookClass.java:16)
]]>
            </full-stacktrace>
          </exception> <!-- java.lang.RuntimeException -->
          <reporter-output>
          </reporter-output>
        </test-method> <!-- runScenario -->
        <test-method signature="runScenario(io.cucumber.testng.PickleWrapper,io.cucumber.testng.FeatureWrapper)[pri:0, instance:runner.TestRunner@66f57048]" started-at="2025-12-16T14:45:53 IST" name="runScenario" description="Runs Cucumber Scenarios" data-provider="scenarios" finished-at="2025-12-16T14:45:53 IST" duration-ms="34" status="FAIL">
          <params>
            <param index="0">
              <value>
                <![CDATA["Create Booking"]]>
              </value>
            </param>
            <param index="1">
              <value>
                <![CDATA["Optional[Create Booking]"]]>
              </value>
            </param>
          </params>
          <exception class="java.lang.RuntimeException">
            <message>
              <![CDATA[Healthcheck failed.Skipping remaining tests.]]>
            </message>
            <full-stacktrace>
              <![CDATA[java.lang.RuntimeException: Healthcheck failed.Skipping remaining tests.
at com.booking.stepdefinitions.HookClass.stopIfHealthCheckFailed(HookClass.java:16)
]]>
            </full-stacktrace>
          </exception> <!-- java.lang.RuntimeException -->
          <reporter-output>
          </reporter-output>
        </test-method> <!-- runScenario -->
        <test-method signature="runScenario(io.cucumber.testng.PickleWrapper,io.cucumber.testng.FeatureWrapper)[pri:0, instance:runner.TestRunner@66f57048]" started-at="2025-12-16T14:45:53 IST" name="runScenario" description="Runs Cucumber Scenarios" data-provider="scenarios" finished-at="2025-12-16T14:45:53 IST" duration-ms="57" status="FAIL">
          <params>
            <param index="0">
              <value>
                <![CDATA["Create Booking"]]>
              </value>
            </param>
            <param index="1">
              <value>
                <![CDATA["Optional[Create Booking]"]]>
              </value>
            </param>
          </params>
          <exception class="java.lang.RuntimeException">
            <message>
              <![CDATA[Healthcheck failed.Skipping remaining tests.]]>
            </message>
            <full-stacktrace>
              <![CDATA[java.lang.RuntimeException: Healthcheck failed.Skipping remaining tests.
at com.booking.stepdefinitions.HookClass.stopIfHealthCheckFailed(HookClass.java:16)
]]>
            </full-stacktrace>
          </exception> <!-- java.lang.RuntimeException -->
          <reporter-output>
          </reporter-output>
        </test-method> <!-- runScenario -->
        <test-method signature="runScenario(io.cucumber.testng.PickleWrapper,io.cucumber.testng.FeatureWrapper)[pri:0, instance:runner.TestRunner@66f57048]" started-at="2025-12-16T14:45:53 IST" name="runScenario" description="Runs Cucumber Scenarios" data-provider="scenarios" finished-at="2025-12-16T14:45:53 IST" duration-ms="51" status="FAIL">
          <params>
            <param index="0">
              <value>
                <![CDATA["Create Booking"]]>
              </value>
            </param>
            <param index="1">
              <value>
                <![CDATA["Optional[Create Booking]"]]>
              </value>
            </param>
          </params>
          <exception class="java.lang.RuntimeException">
            <message>
              <![CDATA[Healthcheck failed.Skipping remaining tests.]]>
            </message>
            <full-stacktrace>
              <![CDATA[java.lang.RuntimeException: Healthcheck failed.Skipping remaining tests.
at com.booking.stepdefinitions.HookClass.stopIfHealthCheckFailed(HookClass.java:16)
]]>
            </full-stacktrace>
          </exception> <!-- java.lang.RuntimeException -->
          <reporter-output>
          </reporter-output>
        </test-method> <!-- runScenario -->
        <test-method signature="runScenario(io.cucumber.testng.PickleWrapper,io.cucumber.testng.FeatureWrapper)[pri:0, instance:runner.TestRunner@66f57048]" started-at="2025-12-16T14:45:53 IST" name="runScenario" description="Runs Cucumber Scenarios" data-provider="scenarios" finished-at="2025-12-16T14:45:54 IST" duration-ms="40" status="FAIL">
          <params>
            <param index="0">
              <value>
                <![CDATA["Get Booking Details by Id"]]>
              </value>
            </param>
            <param index="1">
              <value>
                <![CDATA["Optional[Get Booking]"]]>
              </value>
            </param>
          </params>
          <exception class="java.lang.RuntimeException">
            <message>
              <![CDATA[Healthcheck failed.Skipping remaining tests.]]>
            </message>
            <full-stacktrace>
              <![CDATA[java.lang.RuntimeException: Healthcheck failed.Skipping remaining tests.
at com.booking.stepdefinitions.HookClass.stopIfHealthCheckFailed(HookClass.java:16)
]]>
            </full-stacktrace>
          </exception> <!-- java.lang.RuntimeException -->
          <reporter-output>
          </reporter-output>
        </test-method> <!-- runScenario -->
        <test-method signature="runScenario(io.cucumber.testng.PickleWrapper,io.cucumber.testng.FeatureWrapper)[pri:0, instance:runner.TestRunner@66f57048]" started-at="2025-12-16T14:45:54 IST" name="runScenario" description="Runs Cucumber Scenarios" data-provider="scenarios" finished-at="2025-12-16T14:45:54 IST" duration-ms="84" status="FAIL">
          <params>
            <param index="0">
              <value>
                <![CDATA["Get Booking Details by Id with invalid token"]]>
              </value>
            </param>
            <param index="1">
              <value>
                <![CDATA["Optional[Get Booking]"]]>
              </value>
            </param>
          </params>
          <exception class="java.lang.RuntimeException">
            <message>
              <![CDATA[Healthcheck failed.Skipping remaining tests.]]>
            </message>
            <full-stacktrace>
              <![CDATA[java.lang.RuntimeException: Healthcheck failed.Skipping remaining tests.
at com.booking.stepdefinitions.HookClass.stopIfHealthCheckFailed(HookClass.java:16)
]]>
            </full-stacktrace>
          </exception> <!-- java.lang.RuntimeException -->
          <reporter-output>
          </reporter-output>
        </test-method> <!-- runScenario -->
        <test-method signature="runScenario(io.cucumber.testng.PickleWrapper,io.cucumber.testng.FeatureWrapper)[pri:0, instance:runner.TestRunner@66f57048]" started-at="2025-12-16T14:45:54 IST" name="runScenario" description="Runs Cucumber Scenarios" data-provider="scenarios" finished-at="2025-12-16T14:45:54 IST" duration-ms="53" status="FAIL">
          <params>
            <param index="0">
              <value>
                <![CDATA["Get Booking Details by Id with missing token"]]>
              </value>
            </param>
            <param index="1">
              <value>
                <![CDATA["Optional[Get Booking]"]]>
              </value>
            </param>
          </params>
          <exception class="java.lang.RuntimeException">
            <message>
              <![CDATA[Healthcheck failed.Skipping remaining tests.]]>
            </message>
            <full-stacktrace>
              <![CDATA[java.lang.RuntimeException: Healthcheck failed.Skipping remaining tests.
at com.booking.stepdefinitions.HookClass.stopIfHealthCheckFailed(HookClass.java:16)
]]>
            </full-stacktrace>
          </exception> <!-- java.lang.RuntimeException -->
          <reporter-output>
          </reporter-output>
        </test-method> <!-- runScenario -->
        <test-method signature="runScenario(io.cucumber.testng.PickleWrapper,io.cucumber.testng.FeatureWrapper)[pri:0, instance:runner.TestRunner@66f57048]" started-at="2025-12-16T14:45:54 IST" name="runScenario" description="Runs Cucumber Scenarios" data-provider="scenarios" finished-at="2025-12-16T14:45:54 IST" duration-ms="24" status="FAIL">
          <params>
            <param index="0">
              <value>
                <![CDATA["Update Booking Details"]]>
              </value>
            </param>
            <param index="1">
              <value>
                <![CDATA["Optional[Update Booking]"]]>
              </value>
            </param>
          </params>
          <exception class="java.lang.RuntimeException">
            <message>
              <![CDATA[Healthcheck failed.Skipping remaining tests.]]>
            </message>
            <full-stacktrace>
              <![CDATA[java.lang.RuntimeException: Healthcheck failed.Skipping remaining tests.
at com.booking.stepdefinitions.HookClass.stopIfHealthCheckFailed(HookClass.java:16)
]]>
            </full-stacktrace>
          </exception> <!-- java.lang.RuntimeException -->
          <reporter-output>
          </reporter-output>
        </test-method> <!-- runScenario -->
        <test-method signature="runScenario(io.cucumber.testng.PickleWrapper,io.cucumber.testng.FeatureWrapper)[pri:0, instance:runner.TestRunner@66f57048]" started-at="2025-12-16T14:45:54 IST" name="runScenario" description="Runs Cucumber Scenarios" data-provider="scenarios" finished-at="2025-12-16T14:45:54 IST" duration-ms="81" status="FAIL">
          <params>
            <param index="0">
              <value>
                <![CDATA["Update Booking Details with missing token"]]>
              </value>
            </param>
            <param index="1">
              <value>
                <![CDATA["Optional[Update Booking]"]]>
              </value>
            </param>
          </params>
          <exception class="java.lang.RuntimeException">
            <message>
              <![CDATA[Healthcheck failed.Skipping remaining tests.]]>
            </message>
            <full-stacktrace>
              <![CDATA[java.lang.RuntimeException: Healthcheck failed.Skipping remaining tests.
at com.booking.stepdefinitions.HookClass.stopIfHealthCheckFailed(HookClass.java:16)
]]>
            </full-stacktrace>
          </exception> <!-- java.lang.RuntimeException -->
          <reporter-output>
          </reporter-output>
        </test-method> <!-- runScenario -->
        <test-method signature="runScenario(io.cucumber.testng.PickleWrapper,io.cucumber.testng.FeatureWrapper)[pri:0, instance:runner.TestRunner@66f57048]" started-at="2025-12-16T14:45:54 IST" name="runScenario" description="Runs Cucumber Scenarios" data-provider="scenarios" finished-at="2025-12-16T14:45:54 IST" duration-ms="17" status="FAIL">
          <params>
            <param index="0">
              <value>
                <![CDATA["Update Booking Details with invalid token"]]>
              </value>
            </param>
            <param index="1">
              <value>
                <![CDATA["Optional[Update Booking]"]]>
              </value>
            </param>
          </params>
          <exception class="java.lang.RuntimeException">
            <message>
              <![CDATA[Healthcheck failed.Skipping remaining tests.]]>
            </message>
            <full-stacktrace>
              <![CDATA[java.lang.RuntimeException: Healthcheck failed.Skipping remaining tests.
at com.booking.stepdefinitions.HookClass.stopIfHealthCheckFailed(HookClass.java:16)
]]>
            </full-stacktrace>
          </exception> <!-- java.lang.RuntimeException -->
          <reporter-output>
          </reporter-output>
        </test-method> <!-- runScenario -->
        <test-method signature="runScenario(io.cucumber.testng.PickleWrapper,io.cucumber.testng.FeatureWrapper)[pri:0, instance:runner.TestRunner@66f57048]" started-at="2025-12-16T14:45:54 IST" name="runScenario" description="Runs Cucumber Scenarios" data-provider="scenarios" finished-at="2025-12-16T14:45:54 IST" duration-ms="87" status="FAIL">
          <params>
            <param index="0">
              <value>
                <![CDATA["Delete Booking by ID"]]>
              </value>
            </param>
            <param index="1">
              <value>
                <![CDATA["Optional[Delete Booking]"]]>
              </value>
            </param>
          </params>
          <exception class="java.lang.RuntimeException">
            <message>
              <![CDATA[Healthcheck failed.Skipping remaining tests.]]>
            </message>
            <full-stacktrace>
              <![CDATA[java.lang.RuntimeException: Healthcheck failed.Skipping remaining tests.
at com.booking.stepdefinitions.HookClass.stopIfHealthCheckFailed(HookClass.java:16)
]]>
            </full-stacktrace>
          </exception> <!-- java.lang.RuntimeException -->
          <reporter-output>
          </reporter-output>
        </test-method> <!-- runScenario -->
        <test-method signature="runScenario(io.cucumber.testng.PickleWrapper,io.cucumber.testng.FeatureWrapper)[pri:0, instance:runner.TestRunner@66f57048]" started-at="2025-12-16T14:45:54 IST" name="runScenario" description="Runs Cucumber Scenarios" data-provider="scenarios" finished-at="2025-12-16T14:45:54 IST" duration-ms="15" status="FAIL">
          <params>
            <param index="0">
              <value>
                <![CDATA["Delete Booking by ID with missing token"]]>
              </value>
            </param>
            <param index="1">
              <value>
                <![CDATA["Optional[Delete Booking]"]]>
              </value>
            </param>
          </params>
          <exception class="java.lang.RuntimeException">
            <message>
              <![CDATA[Healthcheck failed.Skipping remaining tests.]]>
            </message>
            <full-stacktrace>
              <![CDATA[java.lang.RuntimeException: Healthcheck failed.Skipping remaining tests.
at com.booking.stepdefinitions.HookClass.stopIfHealthCheckFailed(HookClass.java:16)
]]>
            </full-stacktrace>
          </exception> <!-- java.lang.RuntimeException -->
          <reporter-output>
          </reporter-output>
        </test-method> <!-- runScenario -->
        <test-method signature="runScenario(io.cucumber.testng.PickleWrapper,io.cucumber.testng.FeatureWrapper)[pri:0, instance:runner.TestRunner@66f57048]" started-at="2025-12-16T14:45:54 IST" name="runScenario" description="Runs Cucumber Scenarios" data-provider="scenarios" finished-at="2025-12-16T14:45:54 IST" duration-ms="58" status="FAIL">
          <params>
            <param index="0">
              <value>
                <![CDATA["Delete Booking by ID with invalid token"]]>
              </value>
            </param>
            <param index="1">
              <value>
                <![CDATA["Optional[Delete Booking]"]]>
              </value>
            </param>
          </params>
          <exception class="java.lang.RuntimeException">
            <message>
              <![CDATA[Healthcheck failed.Skipping remaining tests.]]>
            </message>
            <full-stacktrace>
              <![CDATA[java.lang.RuntimeException: Healthcheck failed.Skipping remaining tests.
at com.booking.stepdefinitions.HookClass.stopIfHealthCheckFailed(HookClass.java:16)
]]>
            </full-stacktrace>
          </exception> <!-- java.lang.RuntimeException -->
          <reporter-output>
          </reporter-output>
        </test-method> <!-- runScenario -->
        <test-method signature="runScenario(io.cucumber.testng.PickleWrapper,io.cucumber.testng.FeatureWrapper)[pri:0, instance:runner.TestRunner@66f57048]" started-at="2025-12-16T14:45:54 IST" name="runScenario" description="Runs Cucumber Scenarios" data-provider="scenarios" finished-at="2025-12-16T14:45:54 IST" duration-ms="89" status="FAIL">
          <params>
            <param index="0">
              <value>
                <![CDATA["Message"]]>
              </value>
            </param>
            <param index="1">
              <value>
                <![CDATA["Optional[Get messages]"]]>
              </value>
            </param>
          </params>
          <exception class="java.lang.RuntimeException">
            <message>
              <![CDATA[Healthcheck failed.Skipping remaining tests.]]>
            </message>
            <full-stacktrace>
              <![CDATA[java.lang.RuntimeException: Healthcheck failed.Skipping remaining tests.
at com.booking.stepdefinitions.HookClass.stopIfHealthCheckFailed(HookClass.java:16)
]]>
            </full-stacktrace>
          </exception> <!-- java.lang.RuntimeException -->
          <reporter-output>
          </reporter-output>
        </test-method> <!-- runScenario -->
        <test-method is-config="true" signature="tearDownClass()[pri:0, instance:runner.TestRunner@66f57048]" started-at="2025-12-16T14:45:54 IST" name="tearDownClass" finished-at="2025-12-16T14:45:58 IST" duration-ms="3442" status="PASS">
          <reporter-output>
          </reporter-output>
        </test-method> <!-- tearDownClass -->
      </class> <!-- runner.TestRunner -->
    </test> <!-- Default test -->
  </suite> <!-- Default suite -->
</testng-results>
