<?xml version="1.0" encoding="UTF-8"?>
<testng-results ignored="0" total="16" passed="16" failed="0" skipped="0">
  <reporter-output>
  </reporter-output>
  <suite started-at="2025-12-16T09:28:10 IST" name="Default suite" finished-at="2025-12-16T09:28:43 IST" duration-ms="32800">
    <groups>
      <group name="cucumber">
        <method signature="AbstractTestNGCucumberTests.runScenario(io.cucumber.testng.PickleWrapper,io.cucumber.testng.FeatureWrapper)[pri:0, instance:runner.TestRunner@66f57048]" name="runScenario" class="io.cucumber.testng.AbstractTestNGCucumberTests"/>
      </group> <!-- cucumber -->
    </groups>
    <test started-at="2025-12-16T09:28:10 IST" name="Default test" finished-at="2025-12-16T09:28:43 IST" duration-ms="32800">
      <class name="runner.TestRunner">
        <test-method is-config="true" signature="setUpClass(org.testng.ITestContext)[pri:0, instance:runner.TestRunner@66f57048]" started-at="2025-12-16T09:28:10 IST" name="setUpClass" finished-at="2025-12-16T09:28:12 IST" duration-ms="2014" status="PASS">
          <params>
            <param index="0">
              <value>
                <![CDATA[org.testng.TestRunner@16ef1160]]>
              </value>
            </param>
          </params>
          <reporter-output>
          </reporter-output>
        </test-method> <!-- setUpClass -->
        <test-method signature="runScenario(io.cucumber.testng.PickleWrapper,io.cucumber.testng.FeatureWrapper)[pri:0, instance:runner.TestRunner@66f57048]" started-at="2025-12-16T09:28:12 IST" name="runScenario" description="Runs Cucumber Scenarios" data-provider="scenarios" finished-at="2025-12-16T09:28:22 IST" duration-ms="9553" status="PASS">
          <params>
            <param index="0">
              <value>
                <![CDATA["Get Authentication Token"]]>
              </value>
            </param>
            <param index="1">
              <value>
                <![CDATA["Optional[Get Auth Token]"]]>
              </value>
            </param>
          </params>
          <reporter-output>
          </reporter-output>
        </test-method> <!-- runScenario -->
        <test-method signature="runScenario(io.cucumber.testng.PickleWrapper,io.cucumber.testng.FeatureWrapper)[pri:0, instance:runner.TestRunner@66f57048]" started-at="2025-12-16T09:28:22 IST" name="runScenario" description="Runs Cucumber Scenarios" data-provider="scenarios" finished-at="2025-12-16T09:28:23 IST" duration-ms="940" status="PASS">
          <params>
            <param index="0">
              <value>
                <![CDATA["Get Authentication Token Negative Scenario"]]>
              </value>
            </param>
            <param index="1">
              <value>
                <![CDATA["Optional[Get Auth Token]"]]>
              </value>
            </param>
          </params>
          <reporter-output>
          </reporter-output>
        </test-method> <!-- runScenario -->
        <test-method signature="runScenario(io.cucumber.testng.PickleWrapper,io.cucumber.testng.FeatureWrapper)[pri:0, instance:runner.TestRunner@66f57048]" started-at="2025-12-16T09:28:23 IST" name="runScenario" description="Runs Cucumber Scenarios" data-provider="scenarios" finished-at="2025-12-16T09:28:23 IST" duration-ms="581" status="PASS">
          <params>
            <param index="0">
              <value>
                <![CDATA["Get Authentication Token Negative Scenario"]]>
              </value>
            </param>
            <param index="1">
              <value>
                <![CDATA["Optional[Get Auth Token]"]]>
              </value>
            </param>
          </params>
          <reporter-output>
          </reporter-output>
        </test-method> <!-- runScenario -->
        <test-method signature="runScenario(io.cucumber.testng.PickleWrapper,io.cucumber.testng.FeatureWrapper)[pri:0, instance:runner.TestRunner@66f57048]" started-at="2025-12-16T09:28:23 IST" name="runScenario" description="Runs Cucumber Scenarios" data-provider="scenarios" finished-at="2025-12-16T09:28:25 IST" duration-ms="2221" status="PASS">
          <params>
            <param index="0">
              <value>
                <![CDATA["Create Booking"]]>
              </value>
            </param>
            <param index="1">
              <value>
                <![CDATA["Optional[Create Booking]"]]>
              </value>
            </param>
          </params>
          <reporter-output>
          </reporter-output>
        </test-method> <!-- runScenario -->
        <test-method signature="runScenario(io.cucumber.testng.PickleWrapper,io.cucumber.testng.FeatureWrapper)[pri:0, instance:runner.TestRunner@66f57048]" started-at="2025-12-16T09:28:25 IST" name="runScenario" description="Runs Cucumber Scenarios" data-provider="scenarios" finished-at="2025-12-16T09:28:27 IST" duration-ms="1551" status="PASS">
          <params>
            <param index="0">
              <value>
                <![CDATA["Create Booking"]]>
              </value>
            </param>
            <param index="1">
              <value>
                <![CDATA["Optional[Create Booking]"]]>
              </value>
            </param>
          </params>
          <reporter-output>
          </reporter-output>
        </test-method> <!-- runScenario -->
        <test-method signature="runScenario(io.cucumber.testng.PickleWrapper,io.cucumber.testng.FeatureWrapper)[pri:0, instance:runner.TestRunner@66f57048]" started-at="2025-12-16T09:28:27 IST" name="runScenario" description="Runs Cucumber Scenarios" data-provider="scenarios" finished-at="2025-12-16T09:28:28 IST" duration-ms="687" status="PASS">
          <params>
            <param index="0">
              <value>
                <![CDATA["Create Booking"]]>
              </value>
            </param>
            <param index="1">
              <value>
                <![CDATA["Optional[Create Booking]"]]>
              </value>
            </param>
          </params>
          <reporter-output>
          </reporter-output>
        </test-method> <!-- runScenario -->
        <test-method signature="runScenario(io.cucumber.testng.PickleWrapper,io.cucumber.testng.FeatureWrapper)[pri:0, instance:runner.TestRunner@66f57048]" started-at="2025-12-16T09:28:28 IST" name="runScenario" description="Runs Cucumber Scenarios" data-provider="scenarios" finished-at="2025-12-16T09:28:28 IST" duration-ms="617" status="PASS">
          <params>
            <param index="0">
              <value>
                <![CDATA["Create Booking"]]>
              </value>
            </param>
            <param index="1">
              <value>
                <![CDATA["Optional[Create Booking]"]]>
              </value>
            </param>
          </params>
          <reporter-output>
          </reporter-output>
        </test-method> <!-- runScenario -->
        <test-method signature="runScenario(io.cucumber.testng.PickleWrapper,io.cucumber.testng.FeatureWrapper)[pri:0, instance:runner.TestRunner@66f57048]" started-at="2025-12-16T09:28:28 IST" name="runScenario" description="Runs Cucumber Scenarios" data-provider="scenarios" finished-at="2025-12-16T09:28:29 IST" duration-ms="852" status="PASS">
          <params>
            <param index="0">
              <value>
                <![CDATA["Create Booking"]]>
              </value>
            </param>
            <param index="1">
              <value>
                <![CDATA["Optional[Create Booking]"]]>
              </value>
            </param>
          </params>
          <reporter-output>
          </reporter-output>
        </test-method> <!-- runScenario -->
        <test-method signature="runScenario(io.cucumber.testng.PickleWrapper,io.cucumber.testng.FeatureWrapper)[pri:0, instance:runner.TestRunner@66f57048]" started-at="2025-12-16T09:28:29 IST" name="runScenario" description="Runs Cucumber Scenarios" data-provider="scenarios" finished-at="2025-12-16T09:28:30 IST" duration-ms="450" status="PASS">
          <params>
            <param index="0">
              <value>
                <![CDATA["Create Booking"]]>
              </value>
            </param>
            <param index="1">
              <value>
                <![CDATA["Optional[Create Booking]"]]>
              </value>
            </param>
          </params>
          <reporter-output>
          </reporter-output>
        </test-method> <!-- runScenario -->
        <test-method signature="runScenario(io.cucumber.testng.PickleWrapper,io.cucumber.testng.FeatureWrapper)[pri:0, instance:runner.TestRunner@66f57048]" started-at="2025-12-16T09:28:30 IST" name="runScenario" description="Runs Cucumber Scenarios" data-provider="scenarios" finished-at="2025-12-16T09:28:31 IST" duration-ms="966" status="PASS">
          <params>
            <param index="0">
              <value>
                <![CDATA["Get Booking Details by Id"]]>
              </value>
            </param>
            <param index="1">
              <value>
                <![CDATA["Optional[Get Booking]"]]>
              </value>
            </param>
          </params>
          <reporter-output>
          </reporter-output>
        </test-method> <!-- runScenario -->
        <test-method signature="runScenario(io.cucumber.testng.PickleWrapper,io.cucumber.testng.FeatureWrapper)[pri:0, instance:runner.TestRunner@66f57048]" started-at="2025-12-16T09:28:31 IST" name="runScenario" description="Runs Cucumber Scenarios" data-provider="scenarios" finished-at="2025-12-16T09:28:31 IST" duration-ms="494" status="PASS">
          <params>
            <param index="0">
              <value>
                <![CDATA["Get Booking Details by Id with invalid token"]]>
              </value>
            </param>
            <param index="1">
              <value>
                <![CDATA["Optional[Get Booking]"]]>
              </value>
            </param>
          </params>
          <reporter-output>
          </reporter-output>
        </test-method> <!-- runScenario -->
        <test-method signature="runScenario(io.cucumber.testng.PickleWrapper,io.cucumber.testng.FeatureWrapper)[pri:0, instance:runner.TestRunner@66f57048]" started-at="2025-12-16T09:28:31 IST" name="runScenario" description="Runs Cucumber Scenarios" data-provider="scenarios" finished-at="2025-12-16T09:28:32 IST" duration-ms="570" status="PASS">
          <params>
            <param index="0">
              <value>
                <![CDATA["Get Booking Details by Id with missing token"]]>
              </value>
            </param>
            <param index="1">
              <value>
                <![CDATA["Optional[Get Booking]"]]>
              </value>
            </param>
          </params>
          <reporter-output>
          </reporter-output>
        </test-method> <!-- runScenario -->
        <test-method signature="runScenario(io.cucumber.testng.PickleWrapper,io.cucumber.testng.FeatureWrapper)[pri:0, instance:runner.TestRunner@66f57048]" started-at="2025-12-16T09:28:32 IST" name="runScenario" description="Runs Cucumber Scenarios" data-provider="scenarios" finished-at="2025-12-16T09:28:33 IST" duration-ms="1057" status="PASS">
          <params>
            <param index="0">
              <value>
                <![CDATA["Update Booking Details"]]>
              </value>
            </param>
            <param index="1">
              <value>
                <![CDATA["Optional[Update Booking]"]]>
              </value>
            </param>
          </params>
          <reporter-output>
          </reporter-output>
        </test-method> <!-- runScenario -->
        <test-method signature="runScenario(io.cucumber.testng.PickleWrapper,io.cucumber.testng.FeatureWrapper)[pri:0, instance:runner.TestRunner@66f57048]" started-at="2025-12-16T09:28:33 IST" name="runScenario" description="Runs Cucumber Scenarios" data-provider="scenarios" finished-at="2025-12-16T09:28:34 IST" duration-ms="1262" status="PASS">
          <params>
            <param index="0">
              <value>
                <![CDATA["Update Booking Details with missing token"]]>
              </value>
            </param>
            <param index="1">
              <value>
                <![CDATA["Optional[Update Booking]"]]>
              </value>
            </param>
          </params>
          <reporter-output>
          </reporter-output>
        </test-method> <!-- runScenario -->
        <test-method signature="runScenario(io.cucumber.testng.PickleWrapper,io.cucumber.testng.FeatureWrapper)[pri:0, instance:runner.TestRunner@66f57048]" started-at="2025-12-16T09:28:34 IST" name="runScenario" description="Runs Cucumber Scenarios" data-provider="scenarios" finished-at="2025-12-16T09:28:35 IST" duration-ms="1395" status="PASS">
          <params>
            <param index="0">
              <value>
                <![CDATA["Update Booking Details with invalid token"]]>
              </value>
            </param>
            <param index="1">
              <value>
                <![CDATA["Optional[Update Booking]"]]>
              </value>
            </param>
          </params>
          <reporter-output>
          </reporter-output>
        </test-method> <!-- runScenario -->
        <test-method signature="runScenario(io.cucumber.testng.PickleWrapper,io.cucumber.testng.FeatureWrapper)[pri:0, instance:runner.TestRunner@66f57048]" started-at="2025-12-16T09:28:35 IST" name="runScenario" description="Runs Cucumber Scenarios" data-provider="scenarios" finished-at="2025-12-16T09:28:37 IST" duration-ms="1529" status="PASS">
          <params>
            <param index="0">
              <value>
                <![CDATA["Message"]]>
              </value>
            </param>
            <param index="1">
              <value>
                <![CDATA["Optional[Get messages]"]]>
              </value>
            </param>
          </params>
          <reporter-output>
          </reporter-output>
        </test-method> <!-- runScenario -->
        <test-method is-config="true" signature="tearDownClass()[pri:0, instance:runner.TestRunner@66f57048]" started-at="2025-12-16T09:28:37 IST" name="tearDownClass" finished-at="2025-12-16T09:28:43 IST" duration-ms="5935" status="PASS">
          <reporter-output>
          </reporter-output>
        </test-method> <!-- tearDownClass -->
      </class> <!-- runner.TestRunner -->
    </test> <!-- Default test -->
  </suite> <!-- Default suite -->
</testng-results>
