<?xml version="1.0" encoding="UTF-8"?>
<testng-results ignored="0" total="13" passed="13" failed="0" skipped="0">
  <reporter-output>
  </reporter-output>
  <suite started-at="2025-12-14T03:50:49 IST" name="Default suite" finished-at="2025-12-14T03:51:42 IST" duration-ms="52437">
    <groups>
      <group name="cucumber">
        <method signature="AbstractTestNGCucumberTests.runScenario(io.cucumber.testng.PickleWrapper,io.cucumber.testng.FeatureWrapper)[pri:0, instance:runner.TestRunner@4dbb42b7]" name="runScenario" class="io.cucumber.testng.AbstractTestNGCucumberTests"/>
      </group> <!-- cucumber -->
    </groups>
    <test started-at="2025-12-14T03:50:49 IST" name="Default test" finished-at="2025-12-14T03:51:42 IST" duration-ms="52437">
      <class name="runner.TestRunner">
        <test-method is-config="true" signature="setUpClass(org.testng.ITestContext)[pri:0, instance:runner.TestRunner@4dbb42b7]" started-at="2025-12-14T03:50:50 IST" name="setUpClass" finished-at="2025-12-14T03:50:57 IST" duration-ms="7725" status="PASS">
          <params>
            <param index="0">
              <value>
                <![CDATA[org.testng.TestRunner@1dfcf85a]]>
              </value>
            </param>
          </params>
          <reporter-output>
          </reporter-output>
        </test-method> <!-- setUpClass -->
        <test-method signature="runScenario(io.cucumber.testng.PickleWrapper,io.cucumber.testng.FeatureWrapper)[pri:0, instance:runner.TestRunner@4dbb42b7]" started-at="2025-12-14T03:50:58 IST" name="runScenario" description="Runs Cucumber Scenarios" data-provider="scenarios" finished-at="2025-12-14T03:51:27 IST" duration-ms="29797" status="PASS">
          <params>
            <param index="0">
              <value>
                <![CDATA["Health Check"]]>
              </value>
            </param>
            <param index="1">
              <value>
                <![CDATA["Optional[Hotel Booking]"]]>
              </value>
            </param>
          </params>
          <reporter-output>
          </reporter-output>
        </test-method> <!-- runScenario -->
        <test-method signature="runScenario(io.cucumber.testng.PickleWrapper,io.cucumber.testng.FeatureWrapper)[pri:0, instance:runner.TestRunner@4dbb42b7]" started-at="2025-12-14T03:51:27 IST" name="runScenario" description="Runs Cucumber Scenarios" data-provider="scenarios" finished-at="2025-12-14T03:51:28 IST" duration-ms="964" status="PASS">
          <params>
            <param index="0">
              <value>
                <![CDATA["Get Authentication Token"]]>
              </value>
            </param>
            <param index="1">
              <value>
                <![CDATA["Optional[Hotel Booking]"]]>
              </value>
            </param>
          </params>
          <reporter-output>
          </reporter-output>
        </test-method> <!-- runScenario -->
        <test-method signature="runScenario(io.cucumber.testng.PickleWrapper,io.cucumber.testng.FeatureWrapper)[pri:0, instance:runner.TestRunner@4dbb42b7]" started-at="2025-12-14T03:51:28 IST" name="runScenario" description="Runs Cucumber Scenarios" data-provider="scenarios" finished-at="2025-12-14T03:51:29 IST" duration-ms="580" status="PASS">
          <params>
            <param index="0">
              <value>
                <![CDATA["Get Authentication Token Negative Scenario"]]>
              </value>
            </param>
            <param index="1">
              <value>
                <![CDATA["Optional[Hotel Booking]"]]>
              </value>
            </param>
          </params>
          <reporter-output>
          </reporter-output>
        </test-method> <!-- runScenario -->
        <test-method signature="runScenario(io.cucumber.testng.PickleWrapper,io.cucumber.testng.FeatureWrapper)[pri:0, instance:runner.TestRunner@4dbb42b7]" started-at="2025-12-14T03:51:29 IST" name="runScenario" description="Runs Cucumber Scenarios" data-provider="scenarios" finished-at="2025-12-14T03:51:30 IST" duration-ms="636" status="PASS">
          <params>
            <param index="0">
              <value>
                <![CDATA["Get Authentication Token Negative Scenario"]]>
              </value>
            </param>
            <param index="1">
              <value>
                <![CDATA["Optional[Hotel Booking]"]]>
              </value>
            </param>
          </params>
          <reporter-output>
          </reporter-output>
        </test-method> <!-- runScenario -->
        <test-method signature="runScenario(io.cucumber.testng.PickleWrapper,io.cucumber.testng.FeatureWrapper)[pri:0, instance:runner.TestRunner@4dbb42b7]" started-at="2025-12-14T03:51:30 IST" name="runScenario" description="Runs Cucumber Scenarios" data-provider="scenarios" finished-at="2025-12-14T03:51:31 IST" duration-ms="987" status="PASS">
          <params>
            <param index="0">
              <value>
                <![CDATA["Create Booking"]]>
              </value>
            </param>
            <param index="1">
              <value>
                <![CDATA["Optional[Hotel Booking]"]]>
              </value>
            </param>
          </params>
          <reporter-output>
          </reporter-output>
        </test-method> <!-- runScenario -->
        <test-method signature="runScenario(io.cucumber.testng.PickleWrapper,io.cucumber.testng.FeatureWrapper)[pri:0, instance:runner.TestRunner@4dbb42b7]" started-at="2025-12-14T03:51:31 IST" name="runScenario" description="Runs Cucumber Scenarios" data-provider="scenarios" finished-at="2025-12-14T03:51:31 IST" duration-ms="448" status="PASS">
          <params>
            <param index="0">
              <value>
                <![CDATA["Create Booking"]]>
              </value>
            </param>
            <param index="1">
              <value>
                <![CDATA["Optional[Hotel Booking]"]]>
              </value>
            </param>
          </params>
          <reporter-output>
          </reporter-output>
        </test-method> <!-- runScenario -->
        <test-method signature="runScenario(io.cucumber.testng.PickleWrapper,io.cucumber.testng.FeatureWrapper)[pri:0, instance:runner.TestRunner@4dbb42b7]" started-at="2025-12-14T03:51:31 IST" name="runScenario" description="Runs Cucumber Scenarios" data-provider="scenarios" finished-at="2025-12-14T03:51:32 IST" duration-ms="653" status="PASS">
          <params>
            <param index="0">
              <value>
                <![CDATA["Create Booking"]]>
              </value>
            </param>
            <param index="1">
              <value>
                <![CDATA["Optional[Hotel Booking]"]]>
              </value>
            </param>
          </params>
          <reporter-output>
          </reporter-output>
        </test-method> <!-- runScenario -->
        <test-method signature="runScenario(io.cucumber.testng.PickleWrapper,io.cucumber.testng.FeatureWrapper)[pri:0, instance:runner.TestRunner@4dbb42b7]" started-at="2025-12-14T03:51:32 IST" name="runScenario" description="Runs Cucumber Scenarios" data-provider="scenarios" finished-at="2025-12-14T03:51:33 IST" duration-ms="788" status="PASS">
          <params>
            <param index="0">
              <value>
                <![CDATA["Create Booking"]]>
              </value>
            </param>
            <param index="1">
              <value>
                <![CDATA["Optional[Hotel Booking]"]]>
              </value>
            </param>
          </params>
          <reporter-output>
          </reporter-output>
        </test-method> <!-- runScenario -->
        <test-method signature="runScenario(io.cucumber.testng.PickleWrapper,io.cucumber.testng.FeatureWrapper)[pri:0, instance:runner.TestRunner@4dbb42b7]" started-at="2025-12-14T03:51:33 IST" name="runScenario" description="Runs Cucumber Scenarios" data-provider="scenarios" finished-at="2025-12-14T03:51:33 IST" duration-ms="503" status="PASS">
          <params>
            <param index="0">
              <value>
                <![CDATA["Create Booking"]]>
              </value>
            </param>
            <param index="1">
              <value>
                <![CDATA["Optional[Hotel Booking]"]]>
              </value>
            </param>
          </params>
          <reporter-output>
          </reporter-output>
        </test-method> <!-- runScenario -->
        <test-method signature="runScenario(io.cucumber.testng.PickleWrapper,io.cucumber.testng.FeatureWrapper)[pri:0, instance:runner.TestRunner@4dbb42b7]" started-at="2025-12-14T03:51:33 IST" name="runScenario" description="Runs Cucumber Scenarios" data-provider="scenarios" finished-at="2025-12-14T03:51:34 IST" duration-ms="555" status="PASS">
          <params>
            <param index="0">
              <value>
                <![CDATA["Get Booking Details by Id"]]>
              </value>
            </param>
            <param index="1">
              <value>
                <![CDATA["Optional[Hotel Booking]"]]>
              </value>
            </param>
          </params>
          <reporter-output>
          </reporter-output>
        </test-method> <!-- runScenario -->
        <test-method signature="runScenario(io.cucumber.testng.PickleWrapper,io.cucumber.testng.FeatureWrapper)[pri:0, instance:runner.TestRunner@4dbb42b7]" started-at="2025-12-14T03:51:34 IST" name="runScenario" description="Runs Cucumber Scenarios" data-provider="scenarios" finished-at="2025-12-14T03:51:34 IST" duration-ms="346" status="PASS">
          <params>
            <param index="0">
              <value>
                <![CDATA["Get Booking Details by Id Negative Scenario"]]>
              </value>
            </param>
            <param index="1">
              <value>
                <![CDATA["Optional[Hotel Booking]"]]>
              </value>
            </param>
          </params>
          <reporter-output>
          </reporter-output>
        </test-method> <!-- runScenario -->
        <test-method signature="runScenario(io.cucumber.testng.PickleWrapper,io.cucumber.testng.FeatureWrapper)[pri:0, instance:runner.TestRunner@4dbb42b7]" started-at="2025-12-14T03:51:34 IST" name="runScenario" description="Runs Cucumber Scenarios" data-provider="scenarios" finished-at="2025-12-14T03:51:34 IST" duration-ms="479" status="PASS">
          <params>
            <param index="0">
              <value>
                <![CDATA["Update Booking Details"]]>
              </value>
            </param>
            <param index="1">
              <value>
                <![CDATA["Optional[Hotel Booking]"]]>
              </value>
            </param>
          </params>
          <reporter-output>
          </reporter-output>
        </test-method> <!-- runScenario -->
        <test-method signature="runScenario(io.cucumber.testng.PickleWrapper,io.cucumber.testng.FeatureWrapper)[pri:0, instance:runner.TestRunner@4dbb42b7]" started-at="2025-12-14T03:51:34 IST" name="runScenario" description="Runs Cucumber Scenarios" data-provider="scenarios" finished-at="2025-12-14T03:51:37 IST" duration-ms="2186" status="PASS">
          <params>
            <param index="0">
              <value>
                <![CDATA["Message"]]>
              </value>
            </param>
            <param index="1">
              <value>
                <![CDATA["Optional[Get messages]"]]>
              </value>
            </param>
          </params>
          <reporter-output>
          </reporter-output>
        </test-method> <!-- runScenario -->
        <test-method is-config="true" signature="tearDownClass()[pri:0, instance:runner.TestRunner@4dbb42b7]" started-at="2025-12-14T03:51:37 IST" name="tearDownClass" finished-at="2025-12-14T03:51:42 IST" duration-ms="5135" status="PASS">
          <reporter-output>
          </reporter-output>
        </test-method> <!-- tearDownClass -->
      </class> <!-- runner.TestRunner -->
    </test> <!-- Default test -->
  </suite> <!-- Default suite -->
</testng-results>
