<?xml version="1.0" encoding="UTF-8"?>
<testng-results ignored="0" total="15" passed="15" failed="0" skipped="0">
  <reporter-output>
  </reporter-output>
  <suite started-at="2025-12-15T10:44:30 IST" name="Default suite" finished-at="2025-12-15T10:45:06 IST" duration-ms="36719">
    <groups>
      <group name="cucumber">
        <method signature="AbstractTestNGCucumberTests.runScenario(io.cucumber.testng.PickleWrapper,io.cucumber.testng.FeatureWrapper)[pri:0, instance:runner.TestRunner@66f57048]" name="runScenario" class="io.cucumber.testng.AbstractTestNGCucumberTests"/>
      </group> <!-- cucumber -->
    </groups>
    <test started-at="2025-12-15T10:44:30 IST" name="Default test" finished-at="2025-12-15T10:45:06 IST" duration-ms="36719">
      <class name="runner.TestRunner">
        <test-method is-config="true" signature="setUpClass(org.testng.ITestContext)[pri:0, instance:runner.TestRunner@66f57048]" started-at="2025-12-15T10:44:30 IST" name="setUpClass" finished-at="2025-12-15T10:44:32 IST" duration-ms="2373" status="PASS">
          <params>
            <param index="0">
              <value>
                <![CDATA[org.testng.TestRunner@3ff26c9]]>
              </value>
            </param>
          </params>
          <reporter-output>
          </reporter-output>
        </test-method> <!-- setUpClass -->
        <test-method signature="runScenario(io.cucumber.testng.PickleWrapper,io.cucumber.testng.FeatureWrapper)[pri:0, instance:runner.TestRunner@66f57048]" started-at="2025-12-15T10:44:32 IST" name="runScenario" description="Runs Cucumber Scenarios" data-provider="scenarios" finished-at="2025-12-15T10:44:47 IST" duration-ms="15312" status="PASS">
          <params>
            <param index="0">
              <value>
                <![CDATA["Health Check"]]>
              </value>
            </param>
            <param index="1">
              <value>
                <![CDATA["Optional[Hotel Booking]"]]>
              </value>
            </param>
          </params>
          <reporter-output>
          </reporter-output>
        </test-method> <!-- runScenario -->
        <test-method signature="runScenario(io.cucumber.testng.PickleWrapper,io.cucumber.testng.FeatureWrapper)[pri:0, instance:runner.TestRunner@66f57048]" started-at="2025-12-15T10:44:47 IST" name="runScenario" description="Runs Cucumber Scenarios" data-provider="scenarios" finished-at="2025-12-15T10:44:49 IST" duration-ms="1205" status="PASS">
          <params>
            <param index="0">
              <value>
                <![CDATA["Get Authentication Token"]]>
              </value>
            </param>
            <param index="1">
              <value>
                <![CDATA["Optional[Hotel Booking]"]]>
              </value>
            </param>
          </params>
          <reporter-output>
          </reporter-output>
        </test-method> <!-- runScenario -->
        <test-method signature="runScenario(io.cucumber.testng.PickleWrapper,io.cucumber.testng.FeatureWrapper)[pri:0, instance:runner.TestRunner@66f57048]" started-at="2025-12-15T10:44:49 IST" name="runScenario" description="Runs Cucumber Scenarios" data-provider="scenarios" finished-at="2025-12-15T10:44:49 IST" duration-ms="806" status="PASS">
          <params>
            <param index="0">
              <value>
                <![CDATA["Get Authentication Token Negative Scenario"]]>
              </value>
            </param>
            <param index="1">
              <value>
                <![CDATA["Optional[Hotel Booking]"]]>
              </value>
            </param>
          </params>
          <reporter-output>
          </reporter-output>
        </test-method> <!-- runScenario -->
        <test-method signature="runScenario(io.cucumber.testng.PickleWrapper,io.cucumber.testng.FeatureWrapper)[pri:0, instance:runner.TestRunner@66f57048]" started-at="2025-12-15T10:44:49 IST" name="runScenario" description="Runs Cucumber Scenarios" data-provider="scenarios" finished-at="2025-12-15T10:44:50 IST" duration-ms="670" status="PASS">
          <params>
            <param index="0">
              <value>
                <![CDATA["Get Authentication Token Negative Scenario"]]>
              </value>
            </param>
            <param index="1">
              <value>
                <![CDATA["Optional[Hotel Booking]"]]>
              </value>
            </param>
          </params>
          <reporter-output>
          </reporter-output>
        </test-method> <!-- runScenario -->
        <test-method signature="runScenario(io.cucumber.testng.PickleWrapper,io.cucumber.testng.FeatureWrapper)[pri:0, instance:runner.TestRunner@66f57048]" started-at="2025-12-15T10:44:50 IST" name="runScenario" description="Runs Cucumber Scenarios" data-provider="scenarios" finished-at="2025-12-15T10:44:57 IST" duration-ms="6717" status="PASS">
          <params>
            <param index="0">
              <value>
                <![CDATA["Create Booking"]]>
              </value>
            </param>
            <param index="1">
              <value>
                <![CDATA["Optional[Hotel Booking]"]]>
              </value>
            </param>
          </params>
          <reporter-output>
          </reporter-output>
        </test-method> <!-- runScenario -->
        <test-method signature="runScenario(io.cucumber.testng.PickleWrapper,io.cucumber.testng.FeatureWrapper)[pri:0, instance:runner.TestRunner@66f57048]" started-at="2025-12-15T10:44:57 IST" name="runScenario" description="Runs Cucumber Scenarios" data-provider="scenarios" finished-at="2025-12-15T10:44:57 IST" duration-ms="466" status="PASS">
          <params>
            <param index="0">
              <value>
                <![CDATA["Create Booking"]]>
              </value>
            </param>
            <param index="1">
              <value>
                <![CDATA["Optional[Hotel Booking]"]]>
              </value>
            </param>
          </params>
          <reporter-output>
          </reporter-output>
        </test-method> <!-- runScenario -->
        <test-method signature="runScenario(io.cucumber.testng.PickleWrapper,io.cucumber.testng.FeatureWrapper)[pri:0, instance:runner.TestRunner@66f57048]" started-at="2025-12-15T10:44:57 IST" name="runScenario" description="Runs Cucumber Scenarios" data-provider="scenarios" finished-at="2025-12-15T10:44:58 IST" duration-ms="582" status="PASS">
          <params>
            <param index="0">
              <value>
                <![CDATA["Create Booking"]]>
              </value>
            </param>
            <param index="1">
              <value>
                <![CDATA["Optional[Hotel Booking]"]]>
              </value>
            </param>
          </params>
          <reporter-output>
          </reporter-output>
        </test-method> <!-- runScenario -->
        <test-method signature="runScenario(io.cucumber.testng.PickleWrapper,io.cucumber.testng.FeatureWrapper)[pri:0, instance:runner.TestRunner@66f57048]" started-at="2025-12-15T10:44:58 IST" name="runScenario" description="Runs Cucumber Scenarios" data-provider="scenarios" finished-at="2025-12-15T10:44:58 IST" duration-ms="501" status="PASS">
          <params>
            <param index="0">
              <value>
                <![CDATA["Create Booking"]]>
              </value>
            </param>
            <param index="1">
              <value>
                <![CDATA["Optional[Hotel Booking]"]]>
              </value>
            </param>
          </params>
          <reporter-output>
          </reporter-output>
        </test-method> <!-- runScenario -->
        <test-method signature="runScenario(io.cucumber.testng.PickleWrapper,io.cucumber.testng.FeatureWrapper)[pri:0, instance:runner.TestRunner@66f57048]" started-at="2025-12-15T10:44:58 IST" name="runScenario" description="Runs Cucumber Scenarios" data-provider="scenarios" finished-at="2025-12-15T10:44:59 IST" duration-ms="711" status="PASS">
          <params>
            <param index="0">
              <value>
                <![CDATA["Create Booking"]]>
              </value>
            </param>
            <param index="1">
              <value>
                <![CDATA["Optional[Hotel Booking]"]]>
              </value>
            </param>
          </params>
          <reporter-output>
          </reporter-output>
        </test-method> <!-- runScenario -->
        <test-method signature="runScenario(io.cucumber.testng.PickleWrapper,io.cucumber.testng.FeatureWrapper)[pri:0, instance:runner.TestRunner@66f57048]" started-at="2025-12-15T10:44:59 IST" name="runScenario" description="Runs Cucumber Scenarios" data-provider="scenarios" finished-at="2025-12-15T10:45:00 IST" duration-ms="649" status="PASS">
          <params>
            <param index="0">
              <value>
                <![CDATA["Create Booking"]]>
              </value>
            </param>
            <param index="1">
              <value>
                <![CDATA["Optional[Hotel Booking]"]]>
              </value>
            </param>
          </params>
          <reporter-output>
          </reporter-output>
        </test-method> <!-- runScenario -->
        <test-method signature="runScenario(io.cucumber.testng.PickleWrapper,io.cucumber.testng.FeatureWrapper)[pri:0, instance:runner.TestRunner@66f57048]" started-at="2025-12-15T10:45:00 IST" name="runScenario" description="Runs Cucumber Scenarios" data-provider="scenarios" finished-at="2025-12-15T10:45:01 IST" duration-ms="828" status="PASS">
          <params>
            <param index="0">
              <value>
                <![CDATA["Get Booking Details by Id"]]>
              </value>
            </param>
            <param index="1">
              <value>
                <![CDATA["Optional[Hotel Booking]"]]>
              </value>
            </param>
          </params>
          <reporter-output>
          </reporter-output>
        </test-method> <!-- runScenario -->
        <test-method signature="runScenario(io.cucumber.testng.PickleWrapper,io.cucumber.testng.FeatureWrapper)[pri:0, instance:runner.TestRunner@66f57048]" started-at="2025-12-15T10:45:01 IST" name="runScenario" description="Runs Cucumber Scenarios" data-provider="scenarios" finished-at="2025-12-15T10:45:01 IST" duration-ms="540" status="PASS">
          <params>
            <param index="0">
              <value>
                <![CDATA["Get Booking Details by Id Negative Scenario"]]>
              </value>
            </param>
            <param index="1">
              <value>
                <![CDATA["Optional[Hotel Booking]"]]>
              </value>
            </param>
          </params>
          <reporter-output>
          </reporter-output>
        </test-method> <!-- runScenario -->
        <test-method signature="runScenario(io.cucumber.testng.PickleWrapper,io.cucumber.testng.FeatureWrapper)[pri:0, instance:runner.TestRunner@66f57048]" started-at="2025-12-15T10:45:01 IST" name="runScenario" description="Runs Cucumber Scenarios" data-provider="scenarios" finished-at="2025-12-15T10:45:01 IST" duration-ms="403" status="PASS">
          <params>
            <param index="0">
              <value>
                <![CDATA["Update Booking Details"]]>
              </value>
            </param>
            <param index="1">
              <value>
                <![CDATA["Optional[Hotel Booking]"]]>
              </value>
            </param>
          </params>
          <reporter-output>
          </reporter-output>
        </test-method> <!-- runScenario -->
        <test-method signature="runScenario(io.cucumber.testng.PickleWrapper,io.cucumber.testng.FeatureWrapper)[pri:0, instance:runner.TestRunner@66f57048]" started-at="2025-12-15T10:45:01 IST" name="runScenario" description="Runs Cucumber Scenarios" data-provider="scenarios" finished-at="2025-12-15T10:45:02 IST" duration-ms="615" status="PASS">
          <params>
            <param index="0">
              <value>
                <![CDATA["Update Booking Details with invalid token"]]>
              </value>
            </param>
            <param index="1">
              <value>
                <![CDATA["Optional[Hotel Booking]"]]>
              </value>
            </param>
          </params>
          <reporter-output>
          </reporter-output>
        </test-method> <!-- runScenario -->
        <test-method signature="runScenario(io.cucumber.testng.PickleWrapper,io.cucumber.testng.FeatureWrapper)[pri:0, instance:runner.TestRunner@66f57048]" started-at="2025-12-15T10:45:02 IST" name="runScenario" description="Runs Cucumber Scenarios" data-provider="scenarios" finished-at="2025-12-15T10:45:03 IST" duration-ms="1392" status="PASS">
          <params>
            <param index="0">
              <value>
                <![CDATA["Message"]]>
              </value>
            </param>
            <param index="1">
              <value>
                <![CDATA["Optional[Get messages]"]]>
              </value>
            </param>
          </params>
          <reporter-output>
          </reporter-output>
        </test-method> <!-- runScenario -->
        <test-method is-config="true" signature="tearDownClass()[pri:0, instance:runner.TestRunner@66f57048]" started-at="2025-12-15T10:45:03 IST" name="tearDownClass" finished-at="2025-12-15T10:45:06 IST" duration-ms="2824" status="PASS">
          <reporter-output>
          </reporter-output>
        </test-method> <!-- tearDownClass -->
      </class> <!-- runner.TestRunner -->
    </test> <!-- Default test -->
  </suite> <!-- Default suite -->
</testng-results>
