<?xml version="1.0" encoding="UTF-8"?>
<!-- Generated by org.testng.reporters.JUnitReportReporter -->
<testsuite hostname="DESKTOP-52ETLQM" failures="0" tests="14" name="runner.TestRunner" time="29.467" errors="0" timestamp="2025-12-14T21:08:20 IST" skipped="0">
  <testcase classname="runner.TestRunner" name="runScenario" time="0.384"/>
  <system-out/>
  <testcase classname="runner.TestRunner" name="runScenario" time="0.459"/>
  <system-out/>
  <testcase classname="runner.TestRunner" name="runScenario" time="4.613"/>
  <system-out/>
  <testcase classname="runner.TestRunner" name="runScenario" time="0.422"/>
  <system-out/>
  <testcase classname="runner.TestRunner" name="runScenario" time="0.837"/>
  <system-out/>
  <testcase classname="runner.TestRunner" name="runScenario" time="1.656"/>
  <system-out/>
  <testcase classname="runner.TestRunner" name="runScenario" time="0.854"/>
  <system-out/>
  <testcase classname="runner.TestRunner" name="runScenario" time="1.105"/>
  <system-out/>
  <testcase classname="runner.TestRunner" name="runScenario" time="2.214"/>
  <system-out/>
  <testcase classname="runner.TestRunner" name="runScenario" time="0.711"/>
  <system-out/>
  <testcase classname="runner.TestRunner" name="runScenario" time="0.378"/>
  <system-out/>
  <testcase classname="runner.TestRunner" name="runScenario" time="0.422"/>
  <system-out/>
  <testcase classname="runner.TestRunner" name="runScenario" time="14.716"/>
  <system-out/>
  <testcase classname="runner.TestRunner" name="runScenario" time="0.696"/>
  <system-out/>
</testsuite> <!-- runner.TestRunner -->
