<?xml version="1.0" encoding="UTF-8"?>
<!-- Generated by org.testng.reporters.JUnitReportReporter -->
<testsuite hostname="DESKTOP-52ETLQM" failures="1" tests="22" name="runner.TestRunner" time="133.819" errors="21" timestamp="2025-12-16T14:46:00 IST" skipped="0">
  <testcase classname="runner.TestRunner" name="runScenario" time="0.084">
    <error message="Healthcheck failed.Skipping remaining tests." type="java.lang.RuntimeException">
      <![CDATA[java.lang.RuntimeException: Healthcheck failed.Skipping remaining tests.
at com.booking.stepdefinitions.HookClass.stopIfHealthCheckFailed(HookClass.java:16)
]]>
    </error>
  </testcase> <!-- runScenario -->
  <system-out/>
  <testcase classname="runner.TestRunner" name="runScenario" time="0.089">
    <error message="Healthcheck failed.Skipping remaining tests." type="java.lang.RuntimeException">
      <![CDATA[java.lang.RuntimeException: Healthcheck failed.Skipping remaining tests.
at com.booking.stepdefinitions.HookClass.stopIfHealthCheckFailed(HookClass.java:16)
]]>
    </error>
  </testcase> <!-- runScenario -->
  <system-out/>
  <testcase classname="runner.TestRunner" name="runScenario" time="0.093">
    <error message="Healthcheck failed.Skipping remaining tests." type="java.lang.RuntimeException">
      <![CDATA[java.lang.RuntimeException: Healthcheck failed.Skipping remaining tests.
at com.booking.stepdefinitions.HookClass.stopIfHealthCheckFailed(HookClass.java:16)
]]>
    </error>
  </testcase> <!-- runScenario -->
  <system-out/>
  <testcase classname="runner.TestRunner" name="runScenario" time="0.057">
    <error message="Healthcheck failed.Skipping remaining tests." type="java.lang.RuntimeException">
      <![CDATA[java.lang.RuntimeException: Healthcheck failed.Skipping remaining tests.
at com.booking.stepdefinitions.HookClass.stopIfHealthCheckFailed(HookClass.java:16)
]]>
    </error>
  </testcase> <!-- runScenario -->
  <system-out/>
  <testcase classname="runner.TestRunner" name="runScenario" time="0.058">
    <error message="Healthcheck failed.Skipping remaining tests." type="java.lang.RuntimeException">
      <![CDATA[java.lang.RuntimeException: Healthcheck failed.Skipping remaining tests.
at com.booking.stepdefinitions.HookClass.stopIfHealthCheckFailed(HookClass.java:16)
]]>
    </error>
  </testcase> <!-- runScenario -->
  <system-out/>
  <testcase classname="runner.TestRunner" name="runScenario" time="0.024">
    <error message="Healthcheck failed.Skipping remaining tests." type="java.lang.RuntimeException">
      <![CDATA[java.lang.RuntimeException: Healthcheck failed.Skipping remaining tests.
at com.booking.stepdefinitions.HookClass.stopIfHealthCheckFailed(HookClass.java:16)
]]>
    </error>
  </testcase> <!-- runScenario -->
  <system-out/>
  <testcase classname="runner.TestRunner" name="runScenario" time="0.040">
    <error message="Healthcheck failed.Skipping remaining tests." type="java.lang.RuntimeException">
      <![CDATA[java.lang.RuntimeException: Healthcheck failed.Skipping remaining tests.
at com.booking.stepdefinitions.HookClass.stopIfHealthCheckFailed(HookClass.java:16)
]]>
    </error>
  </testcase> <!-- runScenario -->
  <system-out/>
  <testcase classname="runner.TestRunner" name="runScenario" time="0.053">
    <error message="Healthcheck failed.Skipping remaining tests." type="java.lang.RuntimeException">
      <![CDATA[java.lang.RuntimeException: Healthcheck failed.Skipping remaining tests.
at com.booking.stepdefinitions.HookClass.stopIfHealthCheckFailed(HookClass.java:16)
]]>
    </error>
  </testcase> <!-- runScenario -->
  <system-out/>
  <testcase classname="runner.TestRunner" name="runScenario" time="0.017">
    <error message="Healthcheck failed.Skipping remaining tests." type="java.lang.RuntimeException">
      <![CDATA[java.lang.RuntimeException: Healthcheck failed.Skipping remaining tests.
at com.booking.stepdefinitions.HookClass.stopIfHealthCheckFailed(HookClass.java:16)
]]>
    </error>
  </testcase> <!-- runScenario -->
  <system-out/>
  <testcase classname="runner.TestRunner" name="runScenario" time="0.087">
    <error message="Healthcheck failed.Skipping remaining tests." type="java.lang.RuntimeException">
      <![CDATA[java.lang.RuntimeException: Healthcheck failed.Skipping remaining tests.
at com.booking.stepdefinitions.HookClass.stopIfHealthCheckFailed(HookClass.java:16)
]]>
    </error>
  </testcase> <!-- runScenario -->
  <system-out/>
  <testcase classname="runner.TestRunner" name="runScenario" time="131.927">
    <failure message="1 expectation failed.
Expected status code &lt;200&gt; but was &lt;524&gt;.
" type="java.lang.AssertionError">
      <![CDATA[java.lang.AssertionError: 1 expectation failed.
Expected status code <200> but was <524>.

at java.base/jdk.internal.reflect.NativeConstructorAccessorImpl.newInstance0(Native Method)
at java.base/jdk.internal.reflect.NativeConstructorAccessorImpl.newInstance(NativeConstructorAccessorImpl.java:77)
at java.base/jdk.internal.reflect.DelegatingConstructorAccessorImpl.newInstance(DelegatingConstructorAccessorImpl.java:45)
at java.base/java.lang.reflect.Constructor.newInstanceWithCaller(Constructor.java:499)
at java.base/java.lang.reflect.Constructor.newInstance(Constructor.java:480)
at org.codehaus.groovy.reflection.CachedConstructor.invoke(CachedConstructor.java:73)
at org.codehaus.groovy.runtime.callsite.ConstructorSite$ConstructorSiteNoUnwrapNoCoerce.callConstructor(ConstructorSite.java:108)
at org.codehaus.groovy.runtime.callsite.CallSiteArray.defaultCallConstructor(CallSiteArray.java:57)
at org.codehaus.groovy.runtime.callsite.AbstractCallSite.callConstructor(AbstractCallSite.java:263)
at org.codehaus.groovy.runtime.callsite.AbstractCallSite.callConstructor(AbstractCallSite.java:277)
at io.restassured.internal.ResponseSpecificationImpl$HamcrestAssertionClosure.validate(ResponseSpecificationImpl.groovy:512)
at io.restassured.internal.ResponseSpecificationImpl$HamcrestAssertionClosure$validate$1.call(Unknown Source)
at org.codehaus.groovy.runtime.callsite.CallSiteArray.defaultCall(CallSiteArray.java:45)
at org.codehaus.groovy.runtime.callsite.AbstractCallSite.call(AbstractCallSite.java:125)
at org.codehaus.groovy.runtime.callsite.AbstractCallSite.call(AbstractCallSite.java:139)
at io.restassured.internal.ResponseSpecificationImpl.validateResponseIfRequired(ResponseSpecificationImpl.groovy:696)
at io.restassured.internal.ResponseSpecificationImpl.this$2$validateResponseIfRequired(ResponseSpecificationImpl.groovy)
at java.base/jdk.internal.reflect.NativeMethodAccessorImpl.invoke0(Native Method)
at java.base/jdk.internal.reflect.NativeMethodAccessorImpl.invoke(NativeMethodAccessorImpl.java:77)
at java.base/jdk.internal.reflect.DelegatingMethodAccessorImpl.invoke(DelegatingMethodAccessorImpl.java:43)
at java.base/java.lang.reflect.Method.invoke(Method.java:568)
at org.codehaus.groovy.runtime.callsite.PlainObjectMetaMethodSite.doInvoke(PlainObjectMetaMethodSite.java:43)
at org.codehaus.groovy.runtime.callsite.PogoMetaMethodSite$PogoCachedMethodSiteNoUnwrapNoCoerce.invoke(PogoMetaMethodSite.java:198)
at org.codehaus.groovy.runtime.callsite.PogoMetaMethodSite.callCurrent(PogoMetaMethodSite.java:62)
at org.codehaus.groovy.runtime.callsite.CallSiteArray.defaultCallCurrent(CallSiteArray.java:49)
at org.codehaus.groovy.runtime.callsite.AbstractCallSite.callCurrent(AbstractCallSite.java:171)
at org.codehaus.groovy.runtime.callsite.AbstractCallSite.callCurrent(AbstractCallSite.java:185)
at io.restassured.internal.ResponseSpecificationImpl.statusCode(ResponseSpecificationImpl.groovy:135)
at io.restassured.internal.ValidatableResponseOptionsImpl.statusCode(ValidatableResponseOptionsImpl.java:84)
at com.booking.stepdefinitions.StepDefinitionForHealthCheck.checkHealthCheckStatus(StepDefinitionForHealthCheck.java:15)
at ✽.Response should be 200(file:///C:/Users/Dell/Kata/API_Testing_kata/src/test/resources/features/01_healthcheck.feature:7)
]]>
    </failure>
  </testcase> <!-- runScenario -->
  <system-out/>
  <testcase classname="runner.TestRunner" name="runScenario" time="0.029">
    <error message="Healthcheck failed.Skipping remaining tests." type="java.lang.RuntimeException">
      <![CDATA[java.lang.RuntimeException: Healthcheck failed.Skipping remaining tests.
at com.booking.stepdefinitions.HookClass.stopIfHealthCheckFailed(HookClass.java:16)
]]>
    </error>
  </testcase> <!-- runScenario -->
  <system-out/>
  <testcase classname="runner.TestRunner" name="runScenario" time="0.118">
    <error message="Healthcheck failed.Skipping remaining tests." type="java.lang.RuntimeException">
      <![CDATA[java.lang.RuntimeException: Healthcheck failed.Skipping remaining tests.
at com.booking.stepdefinitions.HookClass.stopIfHealthCheckFailed(HookClass.java:16)
]]>
    </error>
  </testcase> <!-- runScenario -->
  <system-out/>
  <testcase classname="runner.TestRunner" name="runScenario" time="0.015">
    <error message="Healthcheck failed.Skipping remaining tests." type="java.lang.RuntimeException">
      <![CDATA[java.lang.RuntimeException: Healthcheck failed.Skipping remaining tests.
at com.booking.stepdefinitions.HookClass.stopIfHealthCheckFailed(HookClass.java:16)
]]>
    </error>
  </testcase> <!-- runScenario -->
  <system-out/>
  <testcase classname="runner.TestRunner" name="runScenario" time="0.230">
    <error message="Healthcheck failed.Skipping remaining tests." type="java.lang.RuntimeException">
      <![CDATA[java.lang.RuntimeException: Healthcheck failed.Skipping remaining tests.
at com.booking.stepdefinitions.HookClass.stopIfHealthCheckFailed(HookClass.java:16)
]]>
    </error>
  </testcase> <!-- runScenario -->
  <system-out/>
  <testcase classname="runner.TestRunner" name="runScenario" time="0.034">
    <error message="Healthcheck failed.Skipping remaining tests." type="java.lang.RuntimeException">
      <![CDATA[java.lang.RuntimeException: Healthcheck failed.Skipping remaining tests.
at com.booking.stepdefinitions.HookClass.stopIfHealthCheckFailed(HookClass.java:16)
]]>
    </error>
  </testcase> <!-- runScenario -->
  <system-out/>
  <testcase classname="runner.TestRunner" name="runScenario" time="0.164">
    <error message="Healthcheck failed.Skipping remaining tests." type="java.lang.RuntimeException">
      <![CDATA[java.lang.RuntimeException: Healthcheck failed.Skipping remaining tests.
at com.booking.stepdefinitions.HookClass.stopIfHealthCheckFailed(HookClass.java:16)
]]>
    </error>
  </testcase> <!-- runScenario -->
  <system-out/>
  <testcase classname="runner.TestRunner" name="runScenario" time="0.198">
    <error message="Healthcheck failed.Skipping remaining tests." type="java.lang.RuntimeException">
      <![CDATA[java.lang.RuntimeException: Healthcheck failed.Skipping remaining tests.
at com.booking.stepdefinitions.HookClass.stopIfHealthCheckFailed(HookClass.java:16)
]]>
    </error>
  </testcase> <!-- runScenario -->
  <system-out/>
  <testcase classname="runner.TestRunner" name="runScenario" time="0.098">
    <error message="Healthcheck failed.Skipping remaining tests." type="java.lang.RuntimeException">
      <![CDATA[java.lang.RuntimeException: Healthcheck failed.Skipping remaining tests.
at com.booking.stepdefinitions.HookClass.stopIfHealthCheckFailed(HookClass.java:16)
]]>
    </error>
  </testcase> <!-- runScenario -->
  <system-out/>
  <testcase classname="runner.TestRunner" name="runScenario" time="0.272">
    <error message="Healthcheck failed.Skipping remaining tests." type="java.lang.RuntimeException">
      <![CDATA[java.lang.RuntimeException: Healthcheck failed.Skipping remaining tests.
at com.booking.stepdefinitions.HookClass.stopIfHealthCheckFailed(HookClass.java:16)
]]>
    </error>
  </testcase> <!-- runScenario -->
  <system-out/>
  <testcase classname="runner.TestRunner" name="runScenario" time="0.081">
    <error message="Healthcheck failed.Skipping remaining tests." type="java.lang.RuntimeException">
      <![CDATA[java.lang.RuntimeException: Healthcheck failed.Skipping remaining tests.
at com.booking.stepdefinitions.HookClass.stopIfHealthCheckFailed(HookClass.java:16)
]]>
    </error>
  </testcase> <!-- runScenario -->
  <system-out/>
  <testcase classname="runner.TestRunner" name="runScenario" time="0.051">
    <error message="Healthcheck failed.Skipping remaining tests." type="java.lang.RuntimeException">
      <![CDATA[java.lang.RuntimeException: Healthcheck failed.Skipping remaining tests.
at com.booking.stepdefinitions.HookClass.stopIfHealthCheckFailed(HookClass.java:16)
]]>
    </error>
  </testcase> <!-- runScenario -->
  <system-out/>
</testsuite> <!-- runner.TestRunner -->
