<?xml version="1.0" encoding="UTF-8"?>
<!-- Generated by org.testng.reporters.JUnitReportReporter -->
<testsuite hostname="DESKTOP-52ETLQM" failures="0" tests="19" name="runner.TestRunner" time="26.356" errors="0" timestamp="2025-12-16T10:38:35 IST" skipped="0">
  <testcase classname="runner.TestRunner" name="runScenario" time="1.253"/>
  <system-out/>
  <testcase classname="runner.TestRunner" name="runScenario" time="1.120"/>
  <system-out/>
  <testcase classname="runner.TestRunner" name="runScenario" time="1.479"/>
  <system-out/>
  <testcase classname="runner.TestRunner" name="runScenario" time="0.712"/>
  <system-out/>
  <testcase classname="runner.TestRunner" name="runScenario" time="0.427"/>
  <system-out/>
  <testcase classname="runner.TestRunner" name="runScenario" time="11.782"/>
  <system-out/>
  <testcase classname="runner.TestRunner" name="runScenario" time="0.399"/>
  <system-out/>
  <testcase classname="runner.TestRunner" name="runScenario" time="0.903"/>
  <system-out/>
  <testcase classname="runner.TestRunner" name="runScenario" time="0.543"/>
  <system-out/>
  <testcase classname="runner.TestRunner" name="runScenario" time="0.406"/>
  <system-out/>
  <testcase classname="runner.TestRunner" name="runScenario" time="0.956"/>
  <system-out/>
  <testcase classname="runner.TestRunner" name="runScenario" time="0.420"/>
  <system-out/>
  <testcase classname="runner.TestRunner" name="runScenario" time="0.603"/>
  <system-out/>
  <testcase classname="runner.TestRunner" name="runScenario" time="0.603"/>
  <system-out/>
  <testcase classname="runner.TestRunner" name="runScenario" time="0.679"/>
  <system-out/>
  <testcase classname="runner.TestRunner" name="runScenario" time="0.879"/>
  <system-out/>
  <testcase classname="runner.TestRunner" name="runScenario" time="0.839"/>
  <system-out/>
  <testcase classname="runner.TestRunner" name="runScenario" time="1.539"/>
  <system-out/>
  <testcase classname="runner.TestRunner" name="runScenario" time="0.814"/>
  <system-out/>
</testsuite> <!-- runner.TestRunner -->
