<?xml version="1.0" encoding="UTF-8"?>
<!-- Generated by org.testng.reporters.JUnitReportReporter -->
<testsuite hostname="DESKTOP-52ETLQM" failures="0" tests="16" name="runner.TestRunner" time="24.725" errors="0" timestamp="2025-12-16T09:28:43 IST" skipped="0">
  <testcase classname="runner.TestRunner" name="runScenario" time="0.940"/>
  <system-out/>
  <testcase classname="runner.TestRunner" name="runScenario" time="1.529"/>
  <system-out/>
  <testcase classname="runner.TestRunner" name="runScenario" time="0.450"/>
  <system-out/>
  <testcase classname="runner.TestRunner" name="runScenario" time="0.966"/>
  <system-out/>
  <testcase classname="runner.TestRunner" name="runScenario" time="2.221"/>
  <system-out/>
  <testcase classname="runner.TestRunner" name="runScenario" time="1.395"/>
  <system-out/>
  <testcase classname="runner.TestRunner" name="runScenario" time="0.581"/>
  <system-out/>
  <testcase classname="runner.TestRunner" name="runScenario" time="9.553"/>
  <system-out/>
  <testcase classname="runner.TestRunner" name="runScenario" time="0.617"/>
  <system-out/>
  <testcase classname="runner.TestRunner" name="runScenario" time="0.494"/>
  <system-out/>
  <testcase classname="runner.TestRunner" name="runScenario" time="1.551"/>
  <system-out/>
  <testcase classname="runner.TestRunner" name="runScenario" time="0.687"/>
  <system-out/>
  <testcase classname="runner.TestRunner" name="runScenario" time="1.262"/>
  <system-out/>
  <testcase classname="runner.TestRunner" name="runScenario" time="0.570"/>
  <system-out/>
  <testcase classname="runner.TestRunner" name="runScenario" time="0.852"/>
  <system-out/>
  <testcase classname="runner.TestRunner" name="runScenario" time="1.057"/>
  <system-out/>
</testsuite> <!-- runner.TestRunner -->
