<?xml version="1.0" encoding="UTF-8"?>
<!-- Generated by org.testng.reporters.JUnitReportReporter -->
<testsuite hostname="DESKTOP-52ETLQM" failures="0" tests="22" name="runner.TestRunner" time="32.668" errors="0" timestamp="2025-12-16T11:26:12 IST" skipped="0">
  <testcase classname="runner.TestRunner" name="runScenario" time="1.627"/>
  <system-out/>
  <testcase classname="runner.TestRunner" name="runScenario" time="0.832"/>
  <system-out/>
  <testcase classname="runner.TestRunner" name="runScenario" time="0.468"/>
  <system-out/>
  <testcase classname="runner.TestRunner" name="runScenario" time="0.743"/>
  <system-out/>
  <testcase classname="runner.TestRunner" name="runScenario" time="0.448"/>
  <system-out/>
  <testcase classname="runner.TestRunner" name="runScenario" time="0.789"/>
  <system-out/>
  <testcase classname="runner.TestRunner" name="runScenario" time="4.425"/>
  <system-out/>
  <testcase classname="runner.TestRunner" name="runScenario" time="0.746"/>
  <system-out/>
  <testcase classname="runner.TestRunner" name="runScenario" time="0.614"/>
  <system-out/>
  <testcase classname="runner.TestRunner" name="runScenario" time="0.918"/>
  <system-out/>
  <testcase classname="runner.TestRunner" name="runScenario" time="0.588"/>
  <system-out/>
  <testcase classname="runner.TestRunner" name="runScenario" time="0.375"/>
  <system-out/>
  <testcase classname="runner.TestRunner" name="runScenario" time="0.381"/>
  <system-out/>
  <testcase classname="runner.TestRunner" name="runScenario" time="13.788"/>
  <system-out/>
  <testcase classname="runner.TestRunner" name="runScenario" time="0.492"/>
  <system-out/>
  <testcase classname="runner.TestRunner" name="runScenario" time="0.849"/>
  <system-out/>
  <testcase classname="runner.TestRunner" name="runScenario" time="0.648"/>
  <system-out/>
  <testcase classname="runner.TestRunner" name="runScenario" time="0.383"/>
  <system-out/>
  <testcase classname="runner.TestRunner" name="runScenario" time="0.648"/>
  <system-out/>
  <testcase classname="runner.TestRunner" name="runScenario" time="0.500"/>
  <system-out/>
  <testcase classname="runner.TestRunner" name="runScenario" time="1.404"/>
  <system-out/>
  <testcase classname="runner.TestRunner" name="runScenario" time="1.002"/>
  <system-out/>
</testsuite> <!-- runner.TestRunner -->
