<?xml version="1.0" encoding="UTF-8"?>
<!-- Generated by org.testng.reporters.JUnitReportReporter -->
<testsuite hostname="DESKTOP-52ETLQM" failures="0" tests="13" name="runner.TestRunner" time="38.922" errors="0" timestamp="2025-12-14T03:51:42 IST" skipped="0">
  <testcase classname="runner.TestRunner" name="runScenario" time="0.987"/>
  <system-out/>
  <testcase classname="runner.TestRunner" name="runScenario" time="0.555"/>
  <system-out/>
  <testcase classname="runner.TestRunner" name="runScenario" time="0.346"/>
  <system-out/>
  <testcase classname="runner.TestRunner" name="runScenario" time="0.964"/>
  <system-out/>
  <testcase classname="runner.TestRunner" name="runScenario" time="2.186"/>
  <system-out/>
  <testcase classname="runner.TestRunner" name="runScenario" time="0.636"/>
  <system-out/>
  <testcase classname="runner.TestRunner" name="runScenario" time="0.580"/>
  <system-out/>
  <testcase classname="runner.TestRunner" name="runScenario" time="29.797"/>
  <system-out/>
  <testcase classname="runner.TestRunner" name="runScenario" time="0.788"/>
  <system-out/>
  <testcase classname="runner.TestRunner" name="runScenario" time="0.653"/>
  <system-out/>
  <testcase classname="runner.TestRunner" name="runScenario" time="0.479"/>
  <system-out/>
  <testcase classname="runner.TestRunner" name="runScenario" time="0.503"/>
  <system-out/>
  <testcase classname="runner.TestRunner" name="runScenario" time="0.448"/>
  <system-out/>
</testsuite> <!-- runner.TestRunner -->
