<?xml version="1.0" encoding="UTF-8"?>
<!-- Generated by org.testng.reporters.JUnitReportReporter -->
<testsuite hostname="DESKTOP-52ETLQM" failures="0" tests="15" name="runner.TestRunner" time="31.397" errors="0" timestamp="2025-12-15T10:45:07 IST" skipped="0">
  <testcase classname="runner.TestRunner" name="runScenario" time="6.717"/>
  <system-out/>
  <testcase classname="runner.TestRunner" name="runScenario" time="0.501"/>
  <system-out/>
  <testcase classname="runner.TestRunner" name="runScenario" time="0.466"/>
  <system-out/>
  <testcase classname="runner.TestRunner" name="runScenario" time="0.711"/>
  <system-out/>
  <testcase classname="runner.TestRunner" name="runScenario" time="0.649"/>
  <system-out/>
  <testcase classname="runner.TestRunner" name="runScenario" time="0.403"/>
  <system-out/>
  <testcase classname="runner.TestRunner" name="runScenario" time="0.806"/>
  <system-out/>
  <testcase classname="runner.TestRunner" name="runScenario" time="1.205"/>
  <system-out/>
  <testcase classname="runner.TestRunner" name="runScenario" time="0.615"/>
  <system-out/>
  <testcase classname="runner.TestRunner" name="runScenario" time="0.582"/>
  <system-out/>
  <testcase classname="runner.TestRunner" name="runScenario" time="1.392"/>
  <system-out/>
  <testcase classname="runner.TestRunner" name="runScenario" time="15.312"/>
  <system-out/>
  <testcase classname="runner.TestRunner" name="runScenario" time="0.670"/>
  <system-out/>
  <testcase classname="runner.TestRunner" name="runScenario" time="0.828"/>
  <system-out/>
  <testcase classname="runner.TestRunner" name="runScenario" time="0.540"/>
  <system-out/>
</testsuite> <!-- runner.TestRunner -->
