<?xml version="1.0" encoding="UTF-8"?>
<!-- Generated by org.testng.reporters.JUnitReportReporter -->
<testsuite hostname="DESKTOP-52ETLQM" failures="0" tests="14" name="runner.TestRunner" time="22.043" errors="0" timestamp="2025-12-15T17:17:50 IST" skipped="0">
  <testcase classname="runner.TestRunner" name="runScenario" time="10.492"/>
  <system-out/>
  <testcase classname="runner.TestRunner" name="runScenario" time="0.611"/>
  <system-out/>
  <testcase classname="runner.TestRunner" name="runScenario" time="0.779"/>
  <system-out/>
  <testcase classname="runner.TestRunner" name="runScenario" time="0.485"/>
  <system-out/>
  <testcase classname="runner.TestRunner" name="runScenario" time="1.807"/>
  <system-out/>
  <testcase classname="runner.TestRunner" name="runScenario" time="1.018"/>
  <system-out/>
  <testcase classname="runner.TestRunner" name="runScenario" time="0.995"/>
  <system-out/>
  <testcase classname="runner.TestRunner" name="runScenario" time="0.406"/>
  <system-out/>
  <testcase classname="runner.TestRunner" name="runScenario" time="0.726"/>
  <system-out/>
  <testcase classname="runner.TestRunner" name="runScenario" time="1.634"/>
  <system-out/>
  <testcase classname="runner.TestRunner" name="runScenario" time="0.988"/>
  <system-out/>
  <testcase classname="runner.TestRunner" name="runScenario" time="0.737"/>
  <system-out/>
  <testcase classname="runner.TestRunner" name="runScenario" time="0.740"/>
  <system-out/>
  <testcase classname="runner.TestRunner" name="runScenario" time="0.625"/>
  <system-out/>
</testsuite> <!-- runner.TestRunner -->
