<?xml version="1.0" encoding="UTF-8"?>
<!-- Generated by org.testng.reporters.JUnitReportReporter -->
<testsuite hostname="DESKTOP-52ETLQM" failures="0" tests="5" name="runner.TestRunner" time="12.329" errors="0" timestamp="2025-12-14T00:00:26 IST" skipped="0">
  <testcase classname="runner.TestRunner" name="runScenario" time="0.460"/>
  <system-out/>
  <testcase classname="runner.TestRunner" name="runScenario" time="0.640"/>
  <system-out/>
  <testcase classname="runner.TestRunner" name="runScenario" time="1.225"/>
  <system-out/>
  <testcase classname="runner.TestRunner" name="runScenario" time="8.950"/>
  <system-out/>
  <testcase classname="runner.TestRunner" name="runScenario" time="1.054"/>
  <system-out/>
</testsuite> <!-- runner.TestRunner -->
