<?xml version="1.0" encoding="UTF-8"?>
<!-- Generated by org.testng.reporters.JUnitReportReporter -->
<testsuite hostname="DESKTOP-52ETLQM" failures="0" tests="4" name="runner.TestRunner" time="9.994" errors="0" timestamp="2025-12-13T00:59:36 IST" skipped="0">
  <testcase classname="runner.TestRunner" name="runScenario" time="1.327"/>
  <system-out/>
  <testcase classname="runner.TestRunner" name="runScenario" time="7.566"/>
  <system-out/>
  <testcase classname="runner.TestRunner" name="runScenario" time="0.619"/>
  <system-out/>
  <testcase classname="runner.TestRunner" name="runScenario" time="0.482"/>
  <system-out/>
</testsuite> <!-- runner.TestRunner -->
