<?xml version="1.0" encoding="UTF-8"?>
<!-- Generated by org.testng.reporters.JUnitReportReporter -->
<testsuite hostname="DESKTOP-52ETLQM" failures="2" tests="22" name="runner.TestRunner" time="31.533" errors="0" timestamp="2025-12-16T11:43:03 IST" skipped="0">
  <testcase classname="runner.TestRunner" name="runScenario" time="0.500"/>
  <system-out/>
  <testcase classname="runner.TestRunner" name="runScenario" time="0.528"/>
  <system-out/>
  <testcase classname="runner.TestRunner" name="runScenario" time="0.861"/>
  <system-out/>
  <testcase classname="runner.TestRunner" name="runScenario" time="0.853"/>
  <system-out/>
  <testcase classname="runner.TestRunner" name="runScenario" time="0.883"/>
  <system-out/>
  <testcase classname="runner.TestRunner" name="runScenario" time="0.742">
    <failure message="1 expectation failed.
Expected status code &lt;401&gt; but was &lt;403&gt;.
" type="java.lang.AssertionError">
      <![CDATA[java.lang.AssertionError: 1 expectation failed.
Expected status code <401> but was <403>.

at java.base/jdk.internal.reflect.NativeConstructorAccessorImpl.newInstance0(Native Method)
at java.base/jdk.internal.reflect.NativeConstructorAccessorImpl.newInstance(NativeConstructorAccessorImpl.java:77)
at java.base/jdk.internal.reflect.DelegatingConstructorAccessorImpl.newInstance(DelegatingConstructorAccessorImpl.java:45)
at java.base/java.lang.reflect.Constructor.newInstanceWithCaller(Constructor.java:499)
at java.base/java.lang.reflect.Constructor.newInstance(Constructor.java:480)
at org.codehaus.groovy.reflection.CachedConstructor.invoke(CachedConstructor.java:73)
at org.codehaus.groovy.runtime.callsite.ConstructorSite$ConstructorSiteNoUnwrapNoCoerce.callConstructor(ConstructorSite.java:108)
at org.codehaus.groovy.runtime.callsite.CallSiteArray.defaultCallConstructor(CallSiteArray.java:57)
at org.codehaus.groovy.runtime.callsite.AbstractCallSite.callConstructor(AbstractCallSite.java:263)
at org.codehaus.groovy.runtime.callsite.AbstractCallSite.callConstructor(AbstractCallSite.java:277)
at io.restassured.internal.ResponseSpecificationImpl$HamcrestAssertionClosure.validate(ResponseSpecificationImpl.groovy:512)
at io.restassured.internal.ResponseSpecificationImpl$HamcrestAssertionClosure$validate$1.call(Unknown Source)
at io.restassured.internal.ResponseSpecificationImpl.validateResponseIfRequired(ResponseSpecificationImpl.groovy:696)
at io.restassured.internal.ResponseSpecificationImpl.this$2$validateResponseIfRequired(ResponseSpecificationImpl.groovy)
at java.base/jdk.internal.reflect.NativeMethodAccessorImpl.invoke0(Native Method)
at java.base/jdk.internal.reflect.NativeMethodAccessorImpl.invoke(NativeMethodAccessorImpl.java:77)
at java.base/jdk.internal.reflect.DelegatingMethodAccessorImpl.invoke(DelegatingMethodAccessorImpl.java:43)
at java.base/java.lang.reflect.Method.invoke(Method.java:568)
at org.codehaus.groovy.runtime.callsite.PlainObjectMetaMethodSite.doInvoke(PlainObjectMetaMethodSite.java:43)
at org.codehaus.groovy.runtime.callsite.PogoMetaMethodSite$PogoCachedMethodSiteNoUnwrapNoCoerce.invoke(PogoMetaMethodSite.java:198)
at org.codehaus.groovy.runtime.callsite.PogoMetaMethodSite.callCurrent(PogoMetaMethodSite.java:62)
at org.codehaus.groovy.runtime.callsite.AbstractCallSite.callCurrent(AbstractCallSite.java:185)
at io.restassured.internal.ResponseSpecificationImpl.statusCode(ResponseSpecificationImpl.groovy:135)
at io.restassured.internal.ValidatableResponseOptionsImpl.statusCode(ValidatableResponseOptionsImpl.java:84)
at com.booking.stepdefinitions.StepDefinitionGetBooking.validateStatusCodeForInvalidToken(StepDefinitionGetBooking.java:28)
at ✽.Validate if get booking status code with invalid token is 401(file:///C:/Users/Dell/Kata/API_Testing_kata/src/test/resources/features/04_GetBooking.feature:11)
]]>
    </failure>
  </testcase> <!-- runScenario -->
  <system-out/>
  <testcase classname="runner.TestRunner" name="runScenario" time="0.569"/>
  <system-out/>
  <testcase classname="runner.TestRunner" name="runScenario" time="6.949"/>
  <system-out/>
  <testcase classname="runner.TestRunner" name="runScenario" time="0.501"/>
  <system-out/>
  <testcase classname="runner.TestRunner" name="runScenario" time="1.622"/>
  <system-out/>
  <testcase classname="runner.TestRunner" name="runScenario" time="1.538"/>
  <system-out/>
  <testcase classname="runner.TestRunner" name="runScenario" time="6.508"/>
  <system-out/>
  <testcase classname="runner.TestRunner" name="runScenario" time="0.634"/>
  <system-out/>
  <testcase classname="runner.TestRunner" name="runScenario" time="1.258"/>
  <system-out/>
  <testcase classname="runner.TestRunner" name="runScenario" time="1.335"/>
  <system-out/>
  <testcase classname="runner.TestRunner" name="runScenario" time="0.469"/>
  <system-out/>
  <testcase classname="runner.TestRunner" name="runScenario" time="0.458"/>
  <system-out/>
  <testcase classname="runner.TestRunner" name="runScenario" time="0.662"/>
  <system-out/>
  <testcase classname="runner.TestRunner" name="runScenario" time="0.553"/>
  <system-out/>
  <testcase classname="runner.TestRunner" name="runScenario" time="2.736"/>
  <system-out/>
  <testcase classname="runner.TestRunner" name="runScenario" time="0.972">
    <failure message="1 expectation failed.
Expected status code &lt;401&gt; but was &lt;403&gt;.
" type="java.lang.AssertionError">
      <![CDATA[java.lang.AssertionError: 1 expectation failed.
Expected status code <401> but was <403>.

at java.base/jdk.internal.reflect.NativeConstructorAccessorImpl.newInstance0(Native Method)
at java.base/jdk.internal.reflect.NativeConstructorAccessorImpl.newInstance(NativeConstructorAccessorImpl.java:77)
at java.base/jdk.internal.reflect.DelegatingConstructorAccessorImpl.newInstance(DelegatingConstructorAccessorImpl.java:45)
at java.base/java.lang.reflect.Constructor.newInstanceWithCaller(Constructor.java:499)
at java.base/java.lang.reflect.Constructor.newInstance(Constructor.java:480)
at org.codehaus.groovy.reflection.CachedConstructor.invoke(CachedConstructor.java:73)
at org.codehaus.groovy.runtime.callsite.ConstructorSite$ConstructorSiteNoUnwrapNoCoerce.callConstructor(ConstructorSite.java:108)
at org.codehaus.groovy.runtime.callsite.AbstractCallSite.callConstructor(AbstractCallSite.java:277)
at io.restassured.internal.ResponseSpecificationImpl$HamcrestAssertionClosure.validate(ResponseSpecificationImpl.groovy:512)
at io.restassured.internal.ResponseSpecificationImpl$HamcrestAssertionClosure$validate$1.call(Unknown Source)
at io.restassured.internal.ResponseSpecificationImpl.validateResponseIfRequired(ResponseSpecificationImpl.groovy:696)
at io.restassured.internal.ResponseSpecificationImpl.this$2$validateResponseIfRequired(ResponseSpecificationImpl.groovy)
at jdk.internal.reflect.GeneratedMethodAccessor204.invoke(Unknown Source)
at java.base/jdk.internal.reflect.DelegatingMethodAccessorImpl.invoke(DelegatingMethodAccessorImpl.java:43)
at java.base/java.lang.reflect.Method.invoke(Method.java:568)
at org.codehaus.groovy.runtime.callsite.PlainObjectMetaMethodSite.doInvoke(PlainObjectMetaMethodSite.java:43)
at org.codehaus.groovy.runtime.callsite.PogoMetaMethodSite$PogoCachedMethodSiteNoUnwrapNoCoerce.invoke(PogoMetaMethodSite.java:198)
at org.codehaus.groovy.runtime.callsite.PogoMetaMethodSite.callCurrent(PogoMetaMethodSite.java:62)
at org.codehaus.groovy.runtime.callsite.AbstractCallSite.callCurrent(AbstractCallSite.java:185)
at io.restassured.internal.ResponseSpecificationImpl.statusCode(ResponseSpecificationImpl.groovy:135)
at io.restassured.internal.ValidatableResponseOptionsImpl.statusCode(ValidatableResponseOptionsImpl.java:84)
at com.booking.stepdefinitions.StepDefinitionUpdateBooking.validateAuthErrorResponseForInvalidToken(StepDefinitionUpdateBooking.java:51)
at ✽.Validate if update response code with invalid token is 401(file:///C:/Users/Dell/Kata/API_Testing_kata/src/test/resources/features/05_UpdateBooking.feature:26)
]]>
    </failure>
  </testcase> <!-- runScenario -->
  <system-out/>
  <testcase classname="runner.TestRunner" name="runScenario" time="0.402"/>
  <system-out/>
</testsuite> <!-- runner.TestRunner -->
