<?xml version="1.0" encoding="UTF-8"?>
<!-- Generated by org.testng.reporters.JUnitReportReporter -->
<testsuite hostname="DESKTOP-52ETLQM" failures="0" tests="14" name="runner.TestRunner" time="18.254" errors="0" timestamp="2025-12-14T21:17:54 IST" skipped="0">
  <testcase classname="runner.TestRunner" name="runScenario" time="0.496"/>
  <system-out/>
  <testcase classname="runner.TestRunner" name="runScenario" time="0.671"/>
  <system-out/>
  <testcase classname="runner.TestRunner" name="runScenario" time="0.668"/>
  <system-out/>
  <testcase classname="runner.TestRunner" name="runScenario" time="1.259"/>
  <system-out/>
  <testcase classname="runner.TestRunner" name="runScenario" time="0.816"/>
  <system-out/>
  <testcase classname="runner.TestRunner" name="runScenario" time="1.031"/>
  <system-out/>
  <testcase classname="runner.TestRunner" name="runScenario" time="0.384"/>
  <system-out/>
  <testcase classname="runner.TestRunner" name="runScenario" time="0.380"/>
  <system-out/>
  <testcase classname="runner.TestRunner" name="runScenario" time="0.394"/>
  <system-out/>
  <testcase classname="runner.TestRunner" name="runScenario" time="0.899"/>
  <system-out/>
  <testcase classname="runner.TestRunner" name="runScenario" time="0.774"/>
  <system-out/>
  <testcase classname="runner.TestRunner" name="runScenario" time="8.602"/>
  <system-out/>
  <testcase classname="runner.TestRunner" name="runScenario" time="1.403"/>
  <system-out/>
  <testcase classname="runner.TestRunner" name="runScenario" time="0.477"/>
  <system-out/>
</testsuite> <!-- runner.TestRunner -->
